#
# There is insufficient memory for the Java Runtime Environment to continue.
# Native memory allocation (malloc) failed to allocate 2723616 bytes. Error detail: Chunk::new
# Possible reasons:
#   The system is out of physical RAM or swap space
#   This process is running with CompressedOops enabled, and the Java Heap may be blocking the growth of the native heap
# Possible solutions:
#   Reduce memory load on the system
#   Increase physical memory or swap space
#   Check if swap backing store is full
#   Decrease Java heap size (-Xmx/-Xms)
#   Decrease number of Java threads
#   Decrease Java thread stack sizes (-Xss)
#   Set larger code cache with -XX:ReservedCodeCacheSize=
#   JVM is running with Unscaled Compressed Oops mode in which the Java heap is
#     placed in the first 4GB address space. The Java Heap base address is the
#     maximum limit for the native heap growth. Please use -XX:HeapBaseMinAddress
#     to set the Java Heap base and to place the Java Heap above 4GB virtual address.
# This output file may be truncated or incomplete.
#
#  Out of Memory Error (arena.cpp:191), pid=13864, tid=4800
#
# JRE version: OpenJDK Runtime Environment Temurin-17.0.11+9 (17.0.11+9) (build 17.0.11+9)
# Java VM: OpenJDK 64-Bit Server VM Temurin-17.0.11+9 (17.0.11+9, mixed mode, tiered, compressed oops, compressed class ptrs, parallel gc, windows-amd64)
# No core dump will be written. Minidumps are not enabled by default on client versions of Windows
#

---------------  S U M M A R Y ------------

Command Line: --add-modules=ALL-SYSTEM --add-opens=java.base/java.util=ALL-UNNAMED --add-opens=java.base/java.lang=ALL-UNNAMED --add-opens=java.base/sun.nio.fs=ALL-UNNAMED -Declipse.application=org.eclipse.jdt.ls.core.id1 -Dosgi.bundles.defaultStartLevel=4 -Declipse.product=org.eclipse.jdt.ls.core.product -Djava.import.generatesMetadataFilesAtProjectRoot=false -DDetectVMInstallationsJob.disabled=true -Dfile.encoding=utf8 -XX:+UseParallelGC -XX:GCTimeRatio=4 -XX:AdaptiveSizePolicyWeight=90 -Dsun.zip.disableMemoryMapping=true -Xmx1G -Xms100m -Xlog:disable -javaagent:c:\Users\ASUS\.vscode\extensions\redhat.java-1.32.0-win32-x64\lombok\lombok-1.18.33.jar -XX:+HeapDumpOnOutOfMemoryError -XX:HeapDumpPath=c:\Users\ASUS\AppData\Roaming\Code\User\workspaceStorage\bf77860d62b055ff75aa3395546a36eb\redhat.java -Daether.dependencyCollector.impl=bf c:\Users\ASUS\.vscode\extensions\redhat.java-1.32.0-win32-x64\server\plugins\org.eclipse.equinox.launcher_1.6.900.v20240613-2009.jar -configuration c:\Users\ASUS\AppData\Roaming\Code\User\globalStorage\redhat.java\1.32.0\config_win -data c:\Users\ASUS\AppData\Roaming\Code\User\workspaceStorage\bf77860d62b055ff75aa3395546a36eb\redhat.java\jdt_ws --pipe=\\.\pipe\lsp-bea879620980615e1bc5d30ecd5bd2f5-sock

Host: AMD Ryzen 3 3250U with Radeon Graphics         , 4 cores, 5G,  Windows 11 , 64 bit Build 22621 (10.0.22621.3235)
Time: Thu Jul  4 22:57:03 2024 Sri Lanka Standard Time elapsed time: 9.256356 seconds (0d 0h 0m 9s)

---------------  T H R E A D  ---------------

Current thread (0x000001d1ed45f790):  JavaThread "C2 CompilerThread0" daemon [_thread_in_native, id=4800, stack(0x0000009062c00000,0x0000009062d00000)]


Current CompileTask:
C2:   9256 2046       4       org.apache.felix.resolver.ResolverImpl::mergeUses (495 bytes)

Stack: [0x0000009062c00000,0x0000009062d00000]
Native frames: (J=compiled Java code, j=interpreted, Vv=VM code, C=native code)
V  [jvm.dll+0x67d429]
V  [jvm.dll+0x834b7a]
V  [jvm.dll+0x83663e]
V  [jvm.dll+0x836ca3]
V  [jvm.dll+0x247dbf]
V  [jvm.dll+0xac534]
V  [jvm.dll+0xacb7c]
V  [jvm.dll+0x366647]
V  [jvm.dll+0x1bd272]
V  [jvm.dll+0x21a5c9]
V  [jvm.dll+0x2198b1]
V  [jvm.dll+0x1a534d]
V  [jvm.dll+0x2295cd]
V  [jvm.dll+0x22779c]
V  [jvm.dll+0x7e9d07]
V  [jvm.dll+0x7e410a]
V  [jvm.dll+0x67c315]
C  [ucrtbase.dll+0x29363]
C  [KERNEL32.DLL+0x1257d]
C  [ntdll.dll+0x5aa58]


---------------  P R O C E S S  ---------------

Threads class SMR info:
_java_thread_list=0x000001d1f3c15bd0, length=21, elements={
0x000001d1d95eed10, 0x000001d1d9699ed0, 0x000001d1d969c690, 0x000001d1ed45b330,
0x000001d1ed45bfc0, 0x000001d1ed45cd50, 0x000001d1ed45e990, 0x000001d1ed45f790,
0x000001d1f2697260, 0x000001d1f2699f30, 0x000001d1d964f960, 0x000001d1f292f8e0,
0x000001d1f316f570, 0x000001d1f316fa50, 0x000001d1f31652d0, 0x000001d1f3167b90,
0x000001d1f31950e0, 0x000001d1f2f9ae70, 0x000001d1f319a550, 0x000001d1f319a040,
0x000001d1f3199620
}

Java Threads: ( => current thread )
  0x000001d1d95eed10 JavaThread "main" [_thread_blocked, id=16648, stack(0x0000009062200000,0x0000009062300000)]
  0x000001d1d9699ed0 JavaThread "Reference Handler" daemon [_thread_blocked, id=5312, stack(0x0000009062600000,0x0000009062700000)]
  0x000001d1d969c690 JavaThread "Finalizer" daemon [_thread_blocked, id=13780, stack(0x0000009062700000,0x0000009062800000)]
  0x000001d1ed45b330 JavaThread "Signal Dispatcher" daemon [_thread_blocked, id=2064, stack(0x0000009062800000,0x0000009062900000)]
  0x000001d1ed45bfc0 JavaThread "Attach Listener" daemon [_thread_blocked, id=17068, stack(0x0000009062900000,0x0000009062a00000)]
  0x000001d1ed45cd50 JavaThread "Service Thread" daemon [_thread_blocked, id=11552, stack(0x0000009062a00000,0x0000009062b00000)]
  0x000001d1ed45e990 JavaThread "Monitor Deflation Thread" daemon [_thread_blocked, id=15316, stack(0x0000009062b00000,0x0000009062c00000)]
=>0x000001d1ed45f790 JavaThread "C2 CompilerThread0" daemon [_thread_in_native, id=4800, stack(0x0000009062c00000,0x0000009062d00000)]
  0x000001d1f2697260 JavaThread "C1 CompilerThread0" daemon [_thread_blocked, id=16676, stack(0x0000009062d00000,0x0000009062e00000)]
  0x000001d1f2699f30 JavaThread "Sweeper thread" daemon [_thread_blocked, id=10384, stack(0x0000009062e00000,0x0000009062f00000)]
  0x000001d1d964f960 JavaThread "Common-Cleaner" daemon [_thread_blocked, id=9732, stack(0x0000009062f00000,0x0000009063000000)]
  0x000001d1f292f8e0 JavaThread "Notification Thread" daemon [_thread_blocked, id=15200, stack(0x0000009063000000,0x0000009063100000)]
  0x000001d1f316f570 JavaThread "Equinox resolver thread - Equinox Container: 41ea7447-bada-4ed2-b9ff-054f1012bc56" daemon [_thread_blocked, id=10744, stack(0x0000009063500000,0x0000009063600000)]
  0x000001d1f316fa50 JavaThread "Equinox resolver thread - Equinox Container: 41ea7447-bada-4ed2-b9ff-054f1012bc56" daemon [_thread_blocked, id=12424, stack(0x0000009063600000,0x0000009063700000)]
  0x000001d1f31652d0 JavaThread "Equinox resolver thread - Equinox Container: 41ea7447-bada-4ed2-b9ff-054f1012bc56" daemon [_thread_blocked, id=13100, stack(0x0000009063700000,0x0000009063800000)]
  0x000001d1f3167b90 JavaThread "Equinox resolver thread - Equinox Container: 41ea7447-bada-4ed2-b9ff-054f1012bc56" daemon [_thread_blocked, id=10436, stack(0x0000009063800000,0x0000009063900000)]
  0x000001d1f31950e0 JavaThread "Active Thread: Equinox Container: 41ea7447-bada-4ed2-b9ff-054f1012bc56" [_thread_blocked, id=14096, stack(0x0000009063900000,0x0000009063a00000)]
  0x000001d1f2f9ae70 JavaThread "Framework Event Dispatcher: Equinox Container: 41ea7447-bada-4ed2-b9ff-054f1012bc56" daemon [_thread_blocked, id=10588, stack(0x0000009063a00000,0x0000009063b00000)]
  0x000001d1f319a550 JavaThread "Start Level: Equinox Container: 41ea7447-bada-4ed2-b9ff-054f1012bc56" daemon [_thread_in_native, id=6616, stack(0x0000009063b00000,0x0000009063c00000)]
  0x000001d1f319a040 JavaThread "Refresh Thread: Equinox Container: 41ea7447-bada-4ed2-b9ff-054f1012bc56" daemon [_thread_blocked, id=3976, stack(0x0000009063d00000,0x0000009063e00000)]
  0x000001d1f3199620 JavaThread "Bundle File Closer" daemon [_thread_blocked, id=11612, stack(0x0000009063c00000,0x0000009063d00000)]

Other Threads:
  0x000001d1d9699ac0 VMThread "VM Thread" [stack: 0x0000009062500000,0x0000009062600000] [id=15500]
  0x000001d1f292fdc0 WatcherThread [stack: 0x0000009063100000,0x0000009063200000] [id=12712]
  0x000001d1d9602580 GCTaskThread "GC Thread#0" [stack: 0x0000009062400000,0x0000009062500000] [id=1176]
  0x000001d1f2b3b700 GCTaskThread "GC Thread#1" [stack: 0x0000009063200000,0x0000009063300000] [id=13240]
  0x000001d1f2f119e0 GCTaskThread "GC Thread#2" [stack: 0x0000009063300000,0x0000009063400000] [id=14676]
  0x000001d1f2f11ca0 GCTaskThread "GC Thread#3" [stack: 0x0000009063400000,0x0000009063500000] [id=12688]

Threads with active compile tasks:
C2 CompilerThread0     9301 2046       4       org.apache.felix.resolver.ResolverImpl::mergeUses (495 bytes)
C1 CompilerThread0     9301 2455   !   2       java.util.concurrent.ConcurrentHashMap::transfer (850 bytes)

VM state: not at safepoint (normal execution)

VM Mutex/Monitor currently owned by a thread: None

Heap address: 0x00000000c0000000, size: 1024 MB, Compressed Oops mode: 32-bit

CDS archive(s) not mapped
Compressed class space mapped at: 0x0000000100000000-0x0000000140000000, reserved size: 1073741824
Narrow klass base: 0x0000000000000000, Narrow klass shift: 3, Narrow klass range: 0x140000000

GC Precious Log:
 CPUs: 4 total, 4 available
 Memory: 6094M
 Large Page Support: Disabled
 NUMA Support: Disabled
 Compressed Oops: Enabled (32-bit)
 Alignments: Space 512K, Generation 512K, Heap 2M
 Heap Min Capacity: 100M
 Heap Initial Capacity: 100M
 Heap Max Capacity: 1G
 Pre-touch: Disabled
 Parallel Workers: 4

Heap:
 PSYoungGen      total 29696K, used 25330K [0x00000000eab00000, 0x00000000ecc00000, 0x0000000100000000)
  eden space 25600K, 82% used [0x00000000eab00000,0x00000000ebfbf6d8,0x00000000ec400000)
  from space 4096K, 99% used [0x00000000ec400000,0x00000000ec7fd4b0,0x00000000ec800000)
  to   space 4096K, 0% used [0x00000000ec800000,0x00000000ec800000,0x00000000ecc00000)
 ParOldGen       total 68608K, used 7463K [0x00000000c0000000, 0x00000000c4300000, 0x00000000eab00000)
  object space 68608K, 10% used [0x00000000c0000000,0x00000000c0749e20,0x00000000c4300000)
 Metaspace       used 16418K, committed 16704K, reserved 1114112K
  class space    used 1639K, committed 1792K, reserved 1048576K

Card table byte_map: [0x000001d1d8f80000,0x000001d1d9190000] _byte_map_base: 0x000001d1d8980000

Marking Bits: (ParMarkBitMap*) 0x00007ffb14ced820
 Begin Bits: [0x000001d1eb280000, 0x000001d1ec280000)
 End Bits:   [0x000001d1ec280000, 0x000001d1ed280000)

Polling page: 0x000001d1d7570000

Metaspace:

Usage:
  Non-class:     14.43 MB used.
      Class:      1.60 MB used.
       Both:     16.03 MB used.

Virtual space:
  Non-class space:       64.00 MB reserved,      14.56 MB ( 23%) committed,  1 nodes.
      Class space:        1.00 GB reserved,       1.75 MB ( <1%) committed,  1 nodes.
             Both:        1.06 GB reserved,      16.31 MB (  1%) committed. 

Chunk freelists:
   Non-Class:  677.00 KB
       Class:  14.31 MB
        Both:  14.97 MB

MaxMetaspaceSize: unlimited
CompressedClassSpaceSize: 1.00 GB
Initial GC threshold: 21.00 MB
Current GC threshold: 21.00 MB
CDS: off
MetaspaceReclaimPolicy: balanced
 - commit_granule_bytes: 65536.
 - commit_granule_words: 8192.
 - virtual_space_node_default_size: 8388608.
 - enlarge_chunks_in_place: 1.
 - new_chunks_are_fully_committed: 0.
 - uncommit_free_chunks: 1.
 - use_allocation_guard: 0.
 - handle_deallocations: 1.


Internal statistics:

num_allocs_failed_limit: 0.
num_arena_births: 106.
num_arena_deaths: 0.
num_vsnodes_births: 2.
num_vsnodes_deaths: 0.
num_space_committed: 261.
num_space_uncommitted: 0.
num_chunks_returned_to_freelist: 0.
num_chunks_taken_from_freelist: 351.
num_chunk_merges: 0.
num_chunk_splits: 227.
num_chunks_enlarged: 167.
num_inconsistent_stats: 0.

CodeHeap 'non-profiled nmethods': size=120000Kb used=984Kb max_used=984Kb free=119015Kb
 bounds [0x000001d1e3d50000, 0x000001d1e3fc0000, 0x000001d1eb280000]
CodeHeap 'profiled nmethods': size=120000Kb used=5006Kb max_used=5006Kb free=114993Kb
 bounds [0x000001d1dc280000, 0x000001d1dc770000, 0x000001d1e37b0000]
CodeHeap 'non-nmethods': size=5760Kb used=1167Kb max_used=1180Kb free=4592Kb
 bounds [0x000001d1e37b0000, 0x000001d1e3a20000, 0x000001d1e3d50000]
 total_blobs=2900 nmethods=2440 adapters=374
 compilation: enabled
              stopped_count=0, restarted_count=0
 full_count=0

Compilation events (20 events):
Event: 9.180 Thread 0x000001d1f2697260 2413       2       org.eclipse.osgi.container.ModuleContainer::getWiring (9 bytes)
Event: 9.181 Thread 0x000001d1f2697260 nmethod 2413 0x000001d1dc750d90 code [0x000001d1dc750f80, 0x000001d1dc751298]
Event: 9.181 Thread 0x000001d1f2697260 2417   !   3       org.eclipse.osgi.storage.BundleInfo$Generation::getRawHeaders (323 bytes)
Event: 9.187 Thread 0x000001d1f2697260 nmethod 2417 0x000001d1dc751610 code [0x000001d1dc751aa0, 0x000001d1dc7542a8]
Event: 9.188 Thread 0x000001d1f2697260 2418       2       org.eclipse.osgi.framework.util.CaseInsensitiveDictionaryMap$EntryIterator::hasNext (10 bytes)
Event: 9.188 Thread 0x000001d1f2697260 nmethod 2418 0x000001d1dc755710 code [0x000001d1dc7558a0, 0x000001d1dc7559c8]
Event: 9.188 Thread 0x000001d1f2697260 2416       2       org.eclipse.osgi.framework.util.CaseInsensitiveDictionaryMap$KeyIterator::next (27 bytes)
Event: 9.188 Thread 0x000001d1f2697260 nmethod 2416 0x000001d1dc755a90 code [0x000001d1dc755c40, 0x000001d1dc755de8]
Event: 9.188 Thread 0x000001d1f2697260 2419       2       org.eclipse.osgi.framework.util.CaseInsensitiveDictionaryMap$CaseInsentiveEntry::getValue (10 bytes)
Event: 9.188 Thread 0x000001d1f2697260 nmethod 2419 0x000001d1dc755f10 code [0x000001d1dc7560a0, 0x000001d1dc7561c8]
Event: 9.188 Thread 0x000001d1f2697260 2415       2       java.util.regex.Pattern$LastNode::match (45 bytes)
Event: 9.189 Thread 0x000001d1f2697260 nmethod 2415 0x000001d1dc756290 code [0x000001d1dc756440, 0x000001d1dc7565f8]
Event: 9.189 Thread 0x000001d1f2697260 2420       1       org.eclipse.osgi.storage.bundlefile.BundleFile::setMruIndex (6 bytes)
Event: 9.189 Thread 0x000001d1f2697260 nmethod 2420 0x000001d1e3e43f10 code [0x000001d1e3e440a0, 0x000001d1e3e44178]
Event: 9.195 Thread 0x000001d1f2697260 2421   !   2       org.eclipse.osgi.storage.BundleInfo$Generation::getRevision (17 bytes)
Event: 9.195 Thread 0x000001d1f2697260 nmethod 2421 0x000001d1dc756710 code [0x000001d1dc7568a0, 0x000001d1dc756a78]
Event: 9.250 Thread 0x000001d1f2697260 2422       2       org.eclipse.osgi.container.ModuleWiring::getWires (15 bytes)
Event: 9.251 Thread 0x000001d1f2697260 nmethod 2422 0x000001d1dc756b90 code [0x000001d1dc756d40, 0x000001d1dc756f28]
Event: 9.251 Thread 0x000001d1f2697260 2423       2       java.util.concurrent.ConcurrentHashMap::<init> (5 bytes)
Event: 9.251 Thread 0x000001d1f2697260 nmethod 2423 0x000001d1dc757010 code [0x000001d1dc7571a0, 0x000001d1dc757298]

GC Heap History (6 events):
Event: 3.427 GC heap before
{Heap before GC invocations=1 (full 0):
 PSYoungGen      total 29696K, used 25600K [0x00000000eab00000, 0x00000000ecc00000, 0x0000000100000000)
  eden space 25600K, 100% used [0x00000000eab00000,0x00000000ec400000,0x00000000ec400000)
  from space 4096K, 0% used [0x00000000ec800000,0x00000000ec800000,0x00000000ecc00000)
  to   space 4096K, 0% used [0x00000000ec400000,0x00000000ec400000,0x00000000ec800000)
 ParOldGen       total 68608K, used 0K [0x00000000c0000000, 0x00000000c4300000, 0x00000000eab00000)
  object space 68608K, 0% used [0x00000000c0000000,0x00000000c0000000,0x00000000c4300000)
 Metaspace       used 10982K, committed 11200K, reserved 1114112K
  class space    used 1091K, committed 1216K, reserved 1048576K
}
Event: 3.437 GC heap after
{Heap after GC invocations=1 (full 0):
 PSYoungGen      total 29696K, used 3172K [0x00000000eab00000, 0x00000000ecc00000, 0x0000000100000000)
  eden space 25600K, 0% used [0x00000000eab00000,0x00000000eab00000,0x00000000ec400000)
  from space 4096K, 77% used [0x00000000ec400000,0x00000000ec719278,0x00000000ec800000)
  to   space 4096K, 0% used [0x00000000ec800000,0x00000000ec800000,0x00000000ecc00000)
 ParOldGen       total 68608K, used 8K [0x00000000c0000000, 0x00000000c4300000, 0x00000000eab00000)
  object space 68608K, 0% used [0x00000000c0000000,0x00000000c0002000,0x00000000c4300000)
 Metaspace       used 10982K, committed 11200K, reserved 1114112K
  class space    used 1091K, committed 1216K, reserved 1048576K
}
Event: 5.595 GC heap before
{Heap before GC invocations=2 (full 0):
 PSYoungGen      total 29696K, used 28772K [0x00000000eab00000, 0x00000000ecc00000, 0x0000000100000000)
  eden space 25600K, 100% used [0x00000000eab00000,0x00000000ec400000,0x00000000ec400000)
  from space 4096K, 77% used [0x00000000ec400000,0x00000000ec719278,0x00000000ec800000)
  to   space 4096K, 0% used [0x00000000ec800000,0x00000000ec800000,0x00000000ecc00000)
 ParOldGen       total 68608K, used 8K [0x00000000c0000000, 0x00000000c4300000, 0x00000000eab00000)
  object space 68608K, 0% used [0x00000000c0000000,0x00000000c0002000,0x00000000c4300000)
 Metaspace       used 14054K, committed 14208K, reserved 1114112K
  class space    used 1398K, committed 1472K, reserved 1048576K
}
Event: 5.601 GC heap after
{Heap after GC invocations=2 (full 0):
 PSYoungGen      total 29696K, used 4066K [0x00000000eab00000, 0x00000000ecc00000, 0x0000000100000000)
  eden space 25600K, 0% used [0x00000000eab00000,0x00000000eab00000,0x00000000ec400000)
  from space 4096K, 99% used [0x00000000ec800000,0x00000000ecbf8980,0x00000000ecc00000)
  to   space 4096K, 0% used [0x00000000ec400000,0x00000000ec400000,0x00000000ec800000)
 ParOldGen       total 68608K, used 755K [0x00000000c0000000, 0x00000000c4300000, 0x00000000eab00000)
  object space 68608K, 1% used [0x00000000c0000000,0x00000000c00bcd70,0x00000000c4300000)
 Metaspace       used 14054K, committed 14208K, reserved 1114112K
  class space    used 1398K, committed 1472K, reserved 1048576K
}
Event: 7.764 GC heap before
{Heap before GC invocations=3 (full 0):
 PSYoungGen      total 29696K, used 29666K [0x00000000eab00000, 0x00000000ecc00000, 0x0000000100000000)
  eden space 25600K, 100% used [0x00000000eab00000,0x00000000ec400000,0x00000000ec400000)
  from space 4096K, 99% used [0x00000000ec800000,0x00000000ecbf8980,0x00000000ecc00000)
  to   space 4096K, 0% used [0x00000000ec400000,0x00000000ec400000,0x00000000ec800000)
 ParOldGen       total 68608K, used 755K [0x00000000c0000000, 0x00000000c4300000, 0x00000000eab00000)
  object space 68608K, 1% used [0x00000000c0000000,0x00000000c00bcd70,0x00000000c4300000)
 Metaspace       used 14528K, committed 14720K, reserved 1114112K
  class space    used 1432K, committed 1536K, reserved 1048576K
}
Event: 7.781 GC heap after
{Heap after GC invocations=3 (full 0):
 PSYoungGen      total 29696K, used 4085K [0x00000000eab00000, 0x00000000ecc00000, 0x0000000100000000)
  eden space 25600K, 0% used [0x00000000eab00000,0x00000000eab00000,0x00000000ec400000)
  from space 4096K, 99% used [0x00000000ec400000,0x00000000ec7fd4b0,0x00000000ec800000)
  to   space 4096K, 0% used [0x00000000ec800000,0x00000000ec800000,0x00000000ecc00000)
 ParOldGen       total 68608K, used 7463K [0x00000000c0000000, 0x00000000c4300000, 0x00000000eab00000)
  object space 68608K, 10% used [0x00000000c0000000,0x00000000c0749e20,0x00000000c4300000)
 Metaspace       used 14528K, committed 14720K, reserved 1114112K
  class space    used 1432K, committed 1536K, reserved 1048576K
}

Dll operation events (9 events):
Event: 0.064 Loaded shared library c:\Users\ASUS\.vscode\extensions\redhat.java-1.32.0-win32-x64\jre\17.0.11-win32-x86_64\bin\java.dll
Event: 0.784 Loaded shared library c:\Users\ASUS\.vscode\extensions\redhat.java-1.32.0-win32-x64\jre\17.0.11-win32-x86_64\bin\zip.dll
Event: 0.844 Loaded shared library C:\Users\ASUS\.vscode\extensions\redhat.java-1.32.0-win32-x64\jre\17.0.11-win32-x86_64\bin\instrument.dll
Event: 0.875 Loaded shared library C:\Users\ASUS\.vscode\extensions\redhat.java-1.32.0-win32-x64\jre\17.0.11-win32-x86_64\bin\net.dll
Event: 0.878 Loaded shared library C:\Users\ASUS\.vscode\extensions\redhat.java-1.32.0-win32-x64\jre\17.0.11-win32-x86_64\bin\nio.dll
Event: 0.886 Loaded shared library C:\Users\ASUS\.vscode\extensions\redhat.java-1.32.0-win32-x64\jre\17.0.11-win32-x86_64\bin\zip.dll
Event: 0.977 Loaded shared library C:\Users\ASUS\.vscode\extensions\redhat.java-1.32.0-win32-x64\jre\17.0.11-win32-x86_64\bin\jimage.dll
Event: 1.134 Loaded shared library c:\Users\ASUS\.vscode\extensions\redhat.java-1.32.0-win32-x64\jre\17.0.11-win32-x86_64\bin\verify.dll
Event: 7.073 Loaded shared library C:\Users\ASUS\AppData\Roaming\Code\User\globalStorage\redhat.java\1.32.0\config_win\org.eclipse.equinox.launcher\org.eclipse.equinox.launcher.win32.win32.x86_64_1.2.1100.v20240613-2013\eclipse_11903.dll

Deoptimization events (20 events):
Event: 8.366 Thread 0x000001d1f319a550 Uncommon trap: trap_request=0xffffffde fr.pc=0x000001d1e3dffb70 relative=0x0000000000000070
Event: 8.366 Thread 0x000001d1f319a550 Uncommon trap: reason=class_check action=maybe_recompile pc=0x000001d1e3dffb70 method=java.util.Collections$3.hasMoreElements()Z @ 4 c2
Event: 8.366 Thread 0x000001d1f319a550 DEOPT PACKING pc=0x000001d1e3dffb70 sp=0x0000009063bfde30
Event: 8.366 Thread 0x000001d1f319a550 DEOPT UNPACKING pc=0x000001d1e38066a3 sp=0x0000009063bfddc0 mode 2
Event: 8.366 Thread 0x000001d1f319a550 Uncommon trap: trap_request=0xffffffde fr.pc=0x000001d1e3dffb70 relative=0x0000000000000070
Event: 8.366 Thread 0x000001d1f319a550 Uncommon trap: reason=class_check action=maybe_recompile pc=0x000001d1e3dffb70 method=java.util.Collections$3.hasMoreElements()Z @ 4 c2
Event: 8.366 Thread 0x000001d1f319a550 DEOPT PACKING pc=0x000001d1e3dffb70 sp=0x0000009063bfde30
Event: 8.366 Thread 0x000001d1f319a550 DEOPT UNPACKING pc=0x000001d1e38066a3 sp=0x0000009063bfddc0 mode 2
Event: 8.366 Thread 0x000001d1f319a550 Uncommon trap: trap_request=0xffffffde fr.pc=0x000001d1e3dffb70 relative=0x0000000000000070
Event: 8.366 Thread 0x000001d1f319a550 Uncommon trap: reason=class_check action=maybe_recompile pc=0x000001d1e3dffb70 method=java.util.Collections$3.hasMoreElements()Z @ 4 c2
Event: 8.366 Thread 0x000001d1f319a550 DEOPT PACKING pc=0x000001d1e3dffb70 sp=0x0000009063bfde30
Event: 8.366 Thread 0x000001d1f319a550 DEOPT UNPACKING pc=0x000001d1e38066a3 sp=0x0000009063bfddc0 mode 2
Event: 8.746 Thread 0x000001d1f319a550 Uncommon trap: trap_request=0xffffffcc fr.pc=0x000001d1e3e2fd78 relative=0x00000000000001d8
Event: 8.746 Thread 0x000001d1f319a550 Uncommon trap: reason=intrinsic_or_type_checked_inlining action=make_not_entrant pc=0x000001d1e3e2fd78 method=java.util.Arrays.copyOf([Ljava/lang/Object;ILjava/lang/Class;)[Ljava/lang/Object; @ 35 c2
Event: 8.746 Thread 0x000001d1f319a550 DEOPT PACKING pc=0x000001d1e3e2fd78 sp=0x0000009063bfe430
Event: 8.746 Thread 0x000001d1f319a550 DEOPT UNPACKING pc=0x000001d1e38066a3 sp=0x0000009063bfe3d8 mode 2
Event: 8.984 Thread 0x000001d1f319a550 Uncommon trap: trap_request=0xffffff45 fr.pc=0x000001d1e3d9c074 relative=0x0000000000000074
Event: 8.984 Thread 0x000001d1f319a550 Uncommon trap: reason=unstable_if action=reinterpret pc=0x000001d1e3d9c074 method=jdk.internal.misc.Unsafe.convEndian(ZJ)J @ 4 c2
Event: 8.984 Thread 0x000001d1f319a550 DEOPT PACKING pc=0x000001d1e3d9c074 sp=0x0000009063bfc9b0
Event: 8.984 Thread 0x000001d1f319a550 DEOPT UNPACKING pc=0x000001d1e38066a3 sp=0x0000009063bfc8d8 mode 2

Classes unloaded (0 events):
No events

Classes redefined (0 events):
No events

Internal exceptions (20 events):
Event: 3.162 Thread 0x000001d1d95eed10 Exception <a 'java/io/FileNotFoundException'{0x00000000ec10cb10}> (0x00000000ec10cb10) 
thrown [s\src\hotspot\share\prims\jni.cpp, line 516]
Event: 3.243 Thread 0x000001d1d95eed10 Implicit null exception at 0x000001d1e3d9083b to 0x000001d1e3d91130
Event: 3.243 Thread 0x000001d1d95eed10 Implicit null exception at 0x000001d1e3d9f571 to 0x000001d1e3d9f74c
Event: 3.244 Thread 0x000001d1d95eed10 Implicit null exception at 0x000001d1e3d91a71 to 0x000001d1e3d91c48
Event: 3.244 Thread 0x000001d1d95eed10 Implicit null exception at 0x000001d1e3d92b0f to 0x000001d1e3d92b85
Event: 3.382 Thread 0x000001d1d95eed10 Exception <a 'java/lang/NoSuchMethodError'{0x00000000ec3e62b8}: 'int java.lang.invoke.DirectMethodHandle$Holder.invokeStaticInit(java.lang.Object, java.lang.Object, java.lang.Object, java.lang.Object)'> (0x00000000ec3e62b8) 
thrown [s\src\hotspot\share\interpreter\linkResolver.cpp, line 759]
Event: 3.384 Thread 0x000001d1d95eed10 Exception <a 'java/lang/NoSuchMethodError'{0x00000000ec3f0928}: 'java.lang.Object java.lang.invoke.DirectMethodHandle$Holder.invokeInterface(java.lang.Object, java.lang.Object)'> (0x00000000ec3f0928) 
thrown [s\src\hotspot\share\interpreter\linkResolver.cpp, line 759]
Event: 3.385 Thread 0x000001d1d95eed10 Exception <a 'java/lang/IncompatibleClassChangeError'{0x00000000ec3f4120}: Found class java.lang.Object, but interface was expected> (0x00000000ec3f4120) 
thrown [s\src\hotspot\share\interpreter\linkResolver.cpp, line 826]
Event: 3.423 Thread 0x000001d1d95eed10 Exception <a 'java/lang/NoSuchMethodError'{0x00000000ec3f8610}: 'void java.lang.invoke.DirectMethodHandle$Holder.invokeStatic(java.lang.Object, java.lang.Object)'> (0x00000000ec3f8610) 
thrown [s\src\hotspot\share\interpreter\linkResolver.cpp, line 759]
Event: 3.426 Thread 0x000001d1d95eed10 Exception <a 'java/lang/NoSuchMethodError'{0x00000000ec3fbe10}: 'void java.lang.invoke.DirectMethodHandle$Holder.invokeStaticInit(java.lang.Object, java.lang.Object)'> (0x00000000ec3fbe10) 
thrown [s\src\hotspot\share\interpreter\linkResolver.cpp, line 759]
Event: 3.443 Thread 0x000001d1d95eed10 Exception <a 'java/lang/NoSuchMethodError'{0x00000000eab03580}: 'int java.lang.invoke.DirectMethodHandle$Holder.invokeStaticInit(java.lang.Object, java.lang.Object)'> (0x00000000eab03580) 
thrown [s\src\hotspot\share\interpreter\linkResolver.cpp, line 759]
Event: 4.135 Thread 0x000001d1d95eed10 Exception <a 'java/lang/NoSuchMethodError'{0x00000000eb69ed20}: 'int java.lang.invoke.DirectMethodHandle$Holder.invokeSpecial(java.lang.Object, java.lang.Object, java.lang.Object)'> (0x00000000eb69ed20) 
thrown [s\src\hotspot\share\interpreter\linkResolver.cpp, line 759]
Event: 4.522 Thread 0x000001d1d95eed10 Exception <a 'java/lang/NoSuchMethodError'{0x00000000ebbdf870}: 'java.lang.Object java.lang.invoke.DirectMethodHandle$Holder.newInvokeSpecial(java.lang.Object, int, java.lang.Object)'> (0x00000000ebbdf870) 
thrown [s\src\hotspot\share\interpreter\linkResolver.cpp, line 759]
Event: 6.715 Thread 0x000001d1d95eed10 Exception <a 'java/lang/UnsatisfiedLinkError'{0x00000000ebbde8e0}: 'void org.eclipse.equinox.launcher.JNIBridge._update_splash()'> (0x00000000ebbde8e0) 
thrown [s\src\hotspot\share\prims\nativeLookup.cpp, line 543]
Event: 7.109 Thread 0x000001d1f319a040 Exception <a 'java/lang/NoSuchMethodError'{0x00000000ebc713d8}: 'java.lang.Object java.lang.invoke.Invokers$Holder.invokeExact_MT(java.lang.Object, java.lang.Object, java.lang.Object, java.lang.Object, java.lang.Object, java.lang.Object)'> (0x00000000ebc713d8) 
thrown [s\src\hotspot\share\interpreter\linkResolver.cpp, line 759]
Event: 8.567 Thread 0x000001d1f319a550 Exception <a 'java/lang/NoSuchMethodError'{0x00000000eb51ae60}: 'java.lang.Object java.lang.invoke.DirectMethodHandle$Holder.invokeStaticInit(java.lang.Object)'> (0x00000000eb51ae60) 
thrown [s\src\hotspot\share\interpreter\linkResolver.cpp, line 759]
Event: 8.700 Thread 0x000001d1f319a550 Exception <a 'java/lang/NoSuchMethodError'{0x00000000eb5b6a80}: 'java.lang.Object java.lang.invoke.DirectMethodHandle$Holder.newInvokeSpecial(java.lang.Object, java.lang.Object, int, java.lang.Object)'> (0x00000000eb5b6a80) 
thrown [s\src\hotspot\share\interpreter\linkResolver.cpp, line 759]
Event: 8.709 Thread 0x000001d1f319a550 Exception <a 'java/lang/NoSuchMethodError'{0x00000000eb5bad68}: 'java.lang.Object java.lang.invoke.DirectMethodHandle$Holder.invokeSpecial(java.lang.Object, java.lang.Object, java.lang.Object, int, java.lang.Object)'> (0x00000000eb5bad68) 
thrown [s\src\hotspot\share\interpreter\linkResolver.cpp, line 759]
Event: 8.868 Thread 0x000001d1f319a550 Exception <a 'java/lang/NoSuchMethodError'{0x00000000eb766ab8}: 'void java.lang.invoke.DirectMethodHandle$Holder.invokeSpecial(java.lang.Object, java.lang.Object, java.lang.Object)'> (0x00000000eb766ab8) 
thrown [s\src\hotspot\share\interpreter\linkResolver.cpp, line 759]
Event: 8.962 Thread 0x000001d1f319a550 Exception <a 'java/lang/ClassNotFoundException'{0x00000000eb7e79d0}: sun/util/logging/resources/spi/loggingProvider> (0x00000000eb7e79d0) 
thrown [s\src\hotspot\share\classfile\systemDictionary.cpp, line 256]

VM Operations (20 events):
Event: 7.583 Executing VM operation: HandshakeAllThreads
Event: 7.583 Executing VM operation: HandshakeAllThreads done
Event: 7.585 Executing VM operation: HandshakeAllThreads
Event: 7.585 Executing VM operation: HandshakeAllThreads done
Event: 7.764 Executing VM operation: ParallelGCFailedAllocation
Event: 7.784 Executing VM operation: ParallelGCFailedAllocation done
Event: 8.095 Executing VM operation: HandshakeAllThreads
Event: 8.095 Executing VM operation: HandshakeAllThreads done
Event: 8.852 Executing VM operation: HandshakeAllThreads
Event: 8.852 Executing VM operation: HandshakeAllThreads done
Event: 8.852 Executing VM operation: Cleanup
Event: 8.852 Executing VM operation: Cleanup done
Event: 8.983 Executing VM operation: HandshakeAllThreads
Event: 8.983 Executing VM operation: HandshakeAllThreads done
Event: 9.019 Executing VM operation: HandshakeAllThreads
Event: 9.019 Executing VM operation: HandshakeAllThreads done
Event: 9.033 Executing VM operation: HandshakeAllThreads
Event: 9.033 Executing VM operation: HandshakeAllThreads done
Event: 9.168 Executing VM operation: HandshakeAllThreads
Event: 9.168 Executing VM operation: HandshakeAllThreads done

Events (20 events):
Event: 8.994 loading class sun/util/resources/Bundles$1 done
Event: 8.994 loading class sun/util/resources/Bundles$CacheKey
Event: 8.995 loading class sun/util/resources/Bundles$CacheKey done
Event: 8.995 loading class java/util/ResourceBundle$NoFallbackControl
Event: 8.995 loading class java/util/ResourceBundle$SingleFormatControl
Event: 8.995 loading class java/util/ResourceBundle$SingleFormatControl done
Event: 8.995 loading class java/util/ResourceBundle$NoFallbackControl done
Event: 8.996 loading class sun/text/resources/cldr/FormatData
Event: 8.997 loading class sun/text/resources/cldr/FormatData done
Event: 9.011 loading class sun/util/resources/Bundles$BundleReference
Event: 9.011 loading class sun/util/resources/Bundles$CacheKeyReference
Event: 9.011 loading class sun/util/resources/Bundles$CacheKeyReference done
Event: 9.011 loading class sun/util/resources/Bundles$BundleReference done
Event: 9.011 loading class sun/text/resources/cldr/FormatData_en
Event: 9.012 loading class sun/text/resources/cldr/FormatData_en done
Event: 9.012 loading class sun/text/resources/cldr/FormatData_en_US
Event: 9.012 loading class sun/text/resources/cldr/FormatData_en_US done
Event: 9.015 loading class java/time/LocalTime$1
Event: 9.015 loading class java/time/LocalTime$1 done
Event: 9.088 Thread 0x000001d1f3199620 Thread added: 0x000001d1f3199620


Dynamic libraries:
0x00007ff73ef20000 - 0x00007ff73ef2e000 	c:\Users\ASUS\.vscode\extensions\redhat.java-1.32.0-win32-x64\jre\17.0.11-win32-x86_64\bin\java.exe
0x00007ffb81050000 - 0x00007ffb81266000 	C:\WINDOWS\SYSTEM32\ntdll.dll
0x00007ffb7f170000 - 0x00007ffb7f234000 	C:\WINDOWS\System32\KERNEL32.DLL
0x00007ffb7e9f0000 - 0x00007ffb7ed96000 	C:\WINDOWS\System32\KERNELBASE.dll
0x00007ffb7e5a0000 - 0x00007ffb7e6b1000 	C:\WINDOWS\System32\ucrtbase.dll
0x00007ffb6cb00000 - 0x00007ffb6cb17000 	c:\Users\ASUS\.vscode\extensions\redhat.java-1.32.0-win32-x64\jre\17.0.11-win32-x86_64\bin\jli.dll
0x00007ffb7fa10000 - 0x00007ffb7fbbd000 	C:\WINDOWS\System32\USER32.dll
0x00007ffb7e6c0000 - 0x00007ffb7e6e6000 	C:\WINDOWS\System32\win32u.dll
0x00007ffb7fc60000 - 0x00007ffb7fc89000 	C:\WINDOWS\System32\GDI32.dll
0x00007ffb7e8d0000 - 0x00007ffb7e9e8000 	C:\WINDOWS\System32\gdi32full.dll
0x00007ffb7e500000 - 0x00007ffb7e59a000 	C:\WINDOWS\System32\msvcp_win.dll
0x00007ffb6bab0000 - 0x00007ffb6bacb000 	c:\Users\ASUS\.vscode\extensions\redhat.java-1.32.0-win32-x64\jre\17.0.11-win32-x86_64\bin\VCRUNTIME140.dll
0x00007ffb6d5a0000 - 0x00007ffb6d833000 	C:\WINDOWS\WinSxS\amd64_microsoft.windows.common-controls_6595b64144ccf1df_6.0.22621.3235_none_270f74e173860f98\COMCTL32.dll
0x00007ffb7f960000 - 0x00007ffb7fa07000 	C:\WINDOWS\System32\msvcrt.dll
0x00007ffb7f2b0000 - 0x00007ffb7f2e1000 	C:\WINDOWS\System32\IMM32.DLL
0x00007ffb7b180000 - 0x00007ffb7b18c000 	c:\Users\ASUS\.vscode\extensions\redhat.java-1.32.0-win32-x64\jre\17.0.11-win32-x86_64\bin\vcruntime140_1.dll
0x00007ffb4e3b0000 - 0x00007ffb4e43d000 	c:\Users\ASUS\.vscode\extensions\redhat.java-1.32.0-win32-x64\jre\17.0.11-win32-x86_64\bin\msvcp140.dll
0x00007ffb14150000 - 0x00007ffb14db2000 	c:\Users\ASUS\.vscode\extensions\redhat.java-1.32.0-win32-x64\jre\17.0.11-win32-x86_64\bin\server\jvm.dll
0x00007ffb80100000 - 0x00007ffb801b2000 	C:\WINDOWS\System32\ADVAPI32.dll
0x00007ffb7f4a0000 - 0x00007ffb7f548000 	C:\WINDOWS\System32\sechost.dll
0x00007ffb7e6f0000 - 0x00007ffb7e718000 	C:\WINDOWS\System32\bcrypt.dll
0x00007ffb7eda0000 - 0x00007ffb7eeb5000 	C:\WINDOWS\System32\RPCRT4.dll
0x00007ffb7e260000 - 0x00007ffb7e2ad000 	C:\WINDOWS\SYSTEM32\POWRPROF.dll
0x00007ffb7b220000 - 0x00007ffb7b229000 	C:\WINDOWS\SYSTEM32\WSOCK32.dll
0x00007ffb7fbc0000 - 0x00007ffb7fc31000 	C:\WINDOWS\System32\WS2_32.dll
0x00007ffb76a30000 - 0x00007ffb76a64000 	C:\WINDOWS\SYSTEM32\WINMM.dll
0x00007ffb767b0000 - 0x00007ffb767ba000 	C:\WINDOWS\SYSTEM32\VERSION.dll
0x00007ffb7e240000 - 0x00007ffb7e253000 	C:\WINDOWS\SYSTEM32\UMPDC.dll
0x00007ffb7d390000 - 0x00007ffb7d3a8000 	C:\WINDOWS\SYSTEM32\kernel.appcore.dll
0x00007ffb6d460000 - 0x00007ffb6d46a000 	c:\Users\ASUS\.vscode\extensions\redhat.java-1.32.0-win32-x64\jre\17.0.11-win32-x86_64\bin\jimage.dll
0x00007ffb7bb90000 - 0x00007ffb7bdc3000 	C:\WINDOWS\SYSTEM32\DBGHELP.DLL
0x00007ffb7fd10000 - 0x00007ffb80098000 	C:\WINDOWS\System32\combase.dll
0x00007ffb801c0000 - 0x00007ffb80297000 	C:\WINDOWS\System32\OLEAUT32.dll
0x00007ffb675d0000 - 0x00007ffb67602000 	C:\WINDOWS\SYSTEM32\dbgcore.DLL
0x00007ffb7e7e0000 - 0x00007ffb7e85a000 	C:\WINDOWS\System32\bcryptPrimitives.dll
0x00007ffb6be00000 - 0x00007ffb6be0e000 	c:\Users\ASUS\.vscode\extensions\redhat.java-1.32.0-win32-x64\jre\17.0.11-win32-x86_64\bin\instrument.dll
0x00007ffb66010000 - 0x00007ffb66035000 	c:\Users\ASUS\.vscode\extensions\redhat.java-1.32.0-win32-x64\jre\17.0.11-win32-x86_64\bin\java.dll
0x00007ffb6aaa0000 - 0x00007ffb6aab8000 	c:\Users\ASUS\.vscode\extensions\redhat.java-1.32.0-win32-x64\jre\17.0.11-win32-x86_64\bin\zip.dll
0x00007ffb802a0000 - 0x00007ffb80afd000 	C:\WINDOWS\System32\SHELL32.dll
0x00007ffb7c2a0000 - 0x00007ffb7cb98000 	C:\WINDOWS\SYSTEM32\windows.storage.dll
0x00007ffb7c160000 - 0x00007ffb7c29e000 	C:\WINDOWS\SYSTEM32\wintypes.dll
0x00007ffb7f3a0000 - 0x00007ffb7f493000 	C:\WINDOWS\System32\SHCORE.dll
0x00007ffb7f8a0000 - 0x00007ffb7f8fe000 	C:\WINDOWS\System32\shlwapi.dll
0x00007ffb7e2c0000 - 0x00007ffb7e2e6000 	C:\WINDOWS\SYSTEM32\profapi.dll
0x00007ffb62d20000 - 0x00007ffb62d39000 	C:\Users\ASUS\.vscode\extensions\redhat.java-1.32.0-win32-x64\jre\17.0.11-win32-x86_64\bin\net.dll
0x00007ffb77610000 - 0x00007ffb77747000 	C:\WINDOWS\SYSTEM32\WINHTTP.dll
0x00007ffb7d800000 - 0x00007ffb7d869000 	C:\WINDOWS\system32\mswsock.dll
0x00007ffb62d00000 - 0x00007ffb62d16000 	C:\Users\ASUS\.vscode\extensions\redhat.java-1.32.0-win32-x64\jre\17.0.11-win32-x86_64\bin\nio.dll
0x00007ffb6ba90000 - 0x00007ffb6baa0000 	c:\Users\ASUS\.vscode\extensions\redhat.java-1.32.0-win32-x64\jre\17.0.11-win32-x86_64\bin\verify.dll
0x00007ffb627b0000 - 0x00007ffb627f4000 	C:\Users\ASUS\AppData\Roaming\Code\User\globalStorage\redhat.java\1.32.0\config_win\org.eclipse.equinox.launcher\org.eclipse.equinox.launcher.win32.win32.x86_64_1.2.1100.v20240613-2013\eclipse_11903.dll
0x00007ffb7efd0000 - 0x00007ffb7f16f000 	C:\WINDOWS\System32\ole32.dll

dbghelp: loaded successfully - version: 4.0.5 - missing functions: none
symbol engine: initialized successfully - sym options: 0x614 - pdb path: .;c:\Users\ASUS\.vscode\extensions\redhat.java-1.32.0-win32-x64\jre\17.0.11-win32-x86_64\bin;C:\WINDOWS\SYSTEM32;C:\WINDOWS\WinSxS\amd64_microsoft.windows.common-controls_6595b64144ccf1df_6.0.22621.3235_none_270f74e173860f98;c:\Users\ASUS\.vscode\extensions\redhat.java-1.32.0-win32-x64\jre\17.0.11-win32-x86_64\bin\server;C:\Users\ASUS\AppData\Roaming\Code\User\globalStorage\redhat.java\1.32.0\config_win\org.eclipse.equinox.launcher\org.eclipse.equinox.launcher.win32.win32.x86_64_1.2.1100.v20240613-2013

VM Arguments:
jvm_args: --add-modules=ALL-SYSTEM --add-opens=java.base/java.util=ALL-UNNAMED --add-opens=java.base/java.lang=ALL-UNNAMED --add-opens=java.base/sun.nio.fs=ALL-UNNAMED -Declipse.application=org.eclipse.jdt.ls.core.id1 -Dosgi.bundles.defaultStartLevel=4 -Declipse.product=org.eclipse.jdt.ls.core.product -Djava.import.generatesMetadataFilesAtProjectRoot=false -DDetectVMInstallationsJob.disabled=true -Dfile.encoding=utf8 -XX:+UseParallelGC -XX:GCTimeRatio=4 -XX:AdaptiveSizePolicyWeight=90 -Dsun.zip.disableMemoryMapping=true -Xmx1G -Xms100m -Xlog:disable -javaagent:c:\Users\ASUS\.vscode\extensions\redhat.java-1.32.0-win32-x64\lombok\lombok-1.18.33.jar -XX:+HeapDumpOnOutOfMemoryError -XX:HeapDumpPath=c:\Users\ASUS\AppData\Roaming\Code\User\workspaceStorage\bf77860d62b055ff75aa3395546a36eb\redhat.java -Daether.dependencyCollector.impl=bf 
java_command: c:\Users\ASUS\.vscode\extensions\redhat.java-1.32.0-win32-x64\server\plugins\org.eclipse.equinox.launcher_1.6.900.v20240613-2009.jar -configuration c:\Users\ASUS\AppData\Roaming\Code\User\globalStorage\redhat.java\1.32.0\config_win -data c:\Users\ASUS\AppData\Roaming\Code\User\workspaceStorage\bf77860d62b055ff75aa3395546a36eb\redhat.java\jdt_ws --pipe=\\.\pipe\lsp-bea879620980615e1bc5d30ecd5bd2f5-sock
java_class_path (initial): c:\Users\ASUS\.vscode\extensions\redhat.java-1.32.0-win32-x64\server\plugins\org.eclipse.equinox.launcher_1.6.900.v20240613-2009.jar
Launcher Type: SUN_STANDARD

[Global flags]
    uintx AdaptiveSizePolicyWeight                 = 90                                        {product} {command line}
     intx CICompilerCount                          = 3                                         {product} {ergonomic}
    uintx GCTimeRatio                              = 4                                         {product} {command line}
     bool HeapDumpOnOutOfMemoryError               = true                                   {manageable} {command line}
    ccstr HeapDumpPath                             = c:\Users\ASUS\AppData\Roaming\Code\User\workspaceStorage\bf77860d62b055ff75aa3395546a36eb\redhat.java         {manageable} {command line}
   size_t InitialHeapSize                          = 104857600                                 {product} {command line}
   size_t MaxHeapSize                              = 1073741824                                {product} {command line}
   size_t MaxNewSize                               = 357564416                                 {product} {ergonomic}
   size_t MinHeapDeltaBytes                        = 524288                                    {product} {ergonomic}
   size_t MinHeapSize                              = 104857600                                 {product} {command line}
   size_t NewSize                                  = 34603008                                  {product} {ergonomic}
    uintx NonNMethodCodeHeapSize                   = 5832780                                {pd product} {ergonomic}
    uintx NonProfiledCodeHeapSize                  = 122912730                              {pd product} {ergonomic}
   size_t OldSize                                  = 70254592                                  {product} {ergonomic}
    uintx ProfiledCodeHeapSize                     = 122912730                              {pd product} {ergonomic}
    uintx ReservedCodeCacheSize                    = 251658240                              {pd product} {ergonomic}
     bool SegmentedCodeCache                       = true                                      {product} {ergonomic}
   size_t SoftMaxHeapSize                          = 1073741824                             {manageable} {ergonomic}
     bool UseCompressedClassPointers               = true                           {product lp64_product} {ergonomic}
     bool UseCompressedOops                        = true                           {product lp64_product} {ergonomic}
     bool UseLargePagesIndividualAllocation        = false                                  {pd product} {ergonomic}
     bool UseParallelGC                            = true                                      {product} {command line}

Logging:
Log output configuration:
 #0: stdout all=off uptime,level,tags
 #1: stderr all=off uptime,level,tags

Environment Variables:
JAVA_HOME= C:\Program Files\Java\jdk-19
PATH=C:\Program Files\Common Files\Oracle\Java\javapath;C:\Program Files (x86)\Common Files\Oracle\Java\javapath;C:\WINDOWS\system32;C:\WINDOWS;C:\WINDOWS\System32\Wbem;C:\WINDOWS\System32\WindowsPowerShell\v1.0\;C:\WINDOWS\System32\OpenSSH\;C:\Program Files (x86)\Bitvise SSH Client;C:\iverilog\bin\;C:\Program Files\Java\jdk-19\bin;C:\Program Files\Git\cmd;C:\Users\ASUS\AppData\Local\Programs\Python\Python311;D:\avr8-gnu-toolchain-win32_x86_64\bin;D:\avr;C:\Program Files\nodejs\;C:\Program Files\Docker\Docker\resources\bin;D:\mongosh-2.2.6-win32-x64\bin;C:\Users\ASUS\scoop\shims;C:\Users\ASUS\AppData\Local\Microsoft\WindowsApps;C:\Users\ASUS\AppData\Local\GitHubDesktop\bin;C:\Users\ASUS\AppData\Local\Programs\Python\Python311;C:\Users\ASUS\AppData\Local\Programs\Python\Python311\Scripts;C:\Users\ASUS\AppData\Local\Programs\Microsoft VS Code\bin;C:\Users\ASUS\AppData\Roaming\npm;D:\IntelliJ IDEA 2024.1.3\bin;
USERNAME=ASUS
OS=Windows_NT
PROCESSOR_IDENTIFIER=AMD64 Family 23 Model 24 Stepping 1, AuthenticAMD
TMP=C:\Users\ASUS\AppData\Local\Temp
TEMP=C:\Users\ASUS\AppData\Local\Temp



Periodic native trim disabled


---------------  S Y S T E M  ---------------

OS:
 Windows 11 , 64 bit Build 22621 (10.0.22621.3235)
OS uptime: 0 days 10:45 hours
Hyper-V role detected

CPU: total 4 (initial active 4) (4 cores per cpu, 2 threads per core) family 23 model 24 stepping 1 microcode 0x0, cx8, cmov, fxsr, ht, mmx, 3dnowpref, sse, sse2, sse3, ssse3, sse4a, sse4.1, sse4.2, popcnt, lzcnt, tsc, tscinvbit, avx, avx2, aes, clmul, bmi1, bmi2, adx, sha, fma, vzeroupper, clflush, clflushopt, hv
Processor Information for all 4 processors :
  Max Mhz: 2600, Current Mhz: 2600, Mhz Limit: 2600

Memory: 4k page, system-wide physical 6094M (363M free)
TotalPageFile size 14286M (AvailPageFile size 33M)
current process WorkingSet (physical memory assigned to process): 125M, peak: 128M
current process commit charge ("private bytes"): 224M, peak: 226M

vm_info: OpenJDK 64-Bit Server VM (17.0.11+9) for windows-amd64 JRE (17.0.11+9), built on Apr 17 2024 06:07:48 by "admin" with MS VC++ 16.10 / 16.11 (VS2019)

END.
