#
# There is insufficient memory for the Java Runtime Environment to continue.
# Native memory allocation (malloc) failed to allocate 32744 bytes. Error detail: ChunkPool::allocate
# Possible reasons:
#   The system is out of physical RAM or swap space
#   This process is running with CompressedOops enabled, and the Java Heap may be blocking the growth of the native heap
# Possible solutions:
#   Reduce memory load on the system
#   Increase physical memory or swap space
#   Check if swap backing store is full
#   Decrease Java heap size (-Xmx/-Xms)
#   Decrease number of Java threads
#   Decrease Java thread stack sizes (-Xss)
#   Set larger code cache with -XX:ReservedCodeCacheSize=
#   JVM is running with Unscaled Compressed Oops mode in which the Java heap is
#     placed in the first 4GB address space. The Java Heap base address is the
#     maximum limit for the native heap growth. Please use -XX:HeapBaseMinAddress
#     to set the Java Heap base and to place the Java Heap above 4GB virtual address.
# This output file may be truncated or incomplete.
#
#  Out of Memory Error (arena.cpp:79), pid=15684, tid=17232
#
# JRE version: OpenJDK Runtime Environment Temurin-17.0.11+9 (17.0.11+9) (build 17.0.11+9)
# Java VM: OpenJDK 64-Bit Server VM Temurin-17.0.11+9 (17.0.11+9, mixed mode, tiered, compressed oops, compressed class ptrs, parallel gc, windows-amd64)
# No core dump will be written. Minidumps are not enabled by default on client versions of Windows
#

---------------  S U M M A R Y ------------

Command Line: --add-modules=ALL-SYSTEM --add-opens=java.base/java.util=ALL-UNNAMED --add-opens=java.base/java.lang=ALL-UNNAMED --add-opens=java.base/sun.nio.fs=ALL-UNNAMED -Declipse.application=org.eclipse.jdt.ls.core.id1 -Dosgi.bundles.defaultStartLevel=4 -Declipse.product=org.eclipse.jdt.ls.core.product -Djava.import.generatesMetadataFilesAtProjectRoot=false -DDetectVMInstallationsJob.disabled=true -Dfile.encoding=utf8 -XX:+UseParallelGC -XX:GCTimeRatio=4 -XX:AdaptiveSizePolicyWeight=90 -Dsun.zip.disableMemoryMapping=true -Xmx1G -Xms100m -Xlog:disable -javaagent:c:\Users\ASUS\.vscode\extensions\redhat.java-1.32.0-win32-x64\lombok\lombok-1.18.33.jar -XX:+HeapDumpOnOutOfMemoryError -XX:HeapDumpPath=c:\Users\ASUS\AppData\Roaming\Code\User\workspaceStorage\bf77860d62b055ff75aa3395546a36eb\redhat.java -Daether.dependencyCollector.impl=bf c:\Users\ASUS\.vscode\extensions\redhat.java-1.32.0-win32-x64\server\plugins\org.eclipse.equinox.launcher_1.6.900.v20240613-2009.jar -configuration c:\Users\ASUS\AppData\Roaming\Code\User\globalStorage\redhat.java\1.32.0\config_win -data c:\Users\ASUS\AppData\Roaming\Code\User\workspaceStorage\bf77860d62b055ff75aa3395546a36eb\redhat.java\jdt_ws --pipe=\\.\pipe\lsp-d4ca0a02a36c2e2a2bb06944603fd089-sock

Host: AMD Ryzen 3 3250U with Radeon Graphics         , 4 cores, 5G,  Windows 11 , 64 bit Build 22621 (10.0.22621.3235)
Time: Thu Jul  4 22:49:34 2024 Sri Lanka Standard Time elapsed time: 9.282641 seconds (0d 0h 0m 9s)

---------------  T H R E A D  ---------------

Current thread (0x0000024850abc780):  JavaThread "C2 CompilerThread0" daemon [_thread_in_native, id=17232, stack(0x0000005b63800000,0x0000005b63900000)]


Current CompileTask:
C2:   9282 2024       4       org.apache.felix.resolver.ResolverImpl::mergeUses (495 bytes)

Stack: [0x0000005b63800000,0x0000005b63900000]
Native frames: (J=compiled Java code, j=interpreted, Vv=VM code, C=native code)
V  [jvm.dll+0x67d429]
V  [jvm.dll+0x834b7a]
V  [jvm.dll+0x83663e]
V  [jvm.dll+0x836ca3]
V  [jvm.dll+0x247dbf]
V  [jvm.dll+0xac731]
V  [jvm.dll+0xacb7c]
V  [jvm.dll+0x6cac32]
V  [jvm.dll+0x1bd180]
V  [jvm.dll+0x21a5c9]
V  [jvm.dll+0x2198b1]
V  [jvm.dll+0x1a534d]
V  [jvm.dll+0x2295cd]
V  [jvm.dll+0x22779c]
V  [jvm.dll+0x7e9d07]
V  [jvm.dll+0x7e410a]
V  [jvm.dll+0x67c315]
C  [ucrtbase.dll+0x29363]
C  [KERNEL32.DLL+0x1257d]
C  [ntdll.dll+0x5aa58]


---------------  P R O C E S S  ---------------

Threads class SMR info:
_java_thread_list=0x0000024856617ca0, length=20, elements={
0x000002483cc4fa20, 0x0000024850a8c010, 0x0000024850a8e550, 0x0000024850ab9330,
0x0000024850ab9fc0, 0x0000024850abad50, 0x0000024850abb980, 0x0000024850abc780,
0x0000024855cf4520, 0x0000024855cf9200, 0x000002483ccafa40, 0x0000024855f80b10,
0x00000248566206c0, 0x0000024856619e00, 0x000002485661a2e0, 0x000002485653c7c0,
0x000002485655b6f0, 0x000002485658d9c0, 0x0000024856182500, 0x0000024856184870
}

Java Threads: ( => current thread )
  0x000002483cc4fa20 JavaThread "main" [_thread_blocked, id=11200, stack(0x0000005b62e00000,0x0000005b62f00000)]
  0x0000024850a8c010 JavaThread "Reference Handler" daemon [_thread_blocked, id=12936, stack(0x0000005b63200000,0x0000005b63300000)]
  0x0000024850a8e550 JavaThread "Finalizer" daemon [_thread_blocked, id=13904, stack(0x0000005b63300000,0x0000005b63400000)]
  0x0000024850ab9330 JavaThread "Signal Dispatcher" daemon [_thread_blocked, id=12512, stack(0x0000005b63400000,0x0000005b63500000)]
  0x0000024850ab9fc0 JavaThread "Attach Listener" daemon [_thread_blocked, id=9948, stack(0x0000005b63500000,0x0000005b63600000)]
  0x0000024850abad50 JavaThread "Service Thread" daemon [_thread_blocked, id=3364, stack(0x0000005b63600000,0x0000005b63700000)]
  0x0000024850abb980 JavaThread "Monitor Deflation Thread" daemon [_thread_blocked, id=3712, stack(0x0000005b63700000,0x0000005b63800000)]
=>0x0000024850abc780 JavaThread "C2 CompilerThread0" daemon [_thread_in_native, id=17232, stack(0x0000005b63800000,0x0000005b63900000)]
  0x0000024855cf4520 JavaThread "C1 CompilerThread0" daemon [_thread_blocked, id=16600, stack(0x0000005b63900000,0x0000005b63a00000)]
  0x0000024855cf9200 JavaThread "Sweeper thread" daemon [_thread_blocked, id=16380, stack(0x0000005b63a00000,0x0000005b63b00000)]
  0x000002483ccafa40 JavaThread "Common-Cleaner" daemon [_thread_blocked, id=9364, stack(0x0000005b63b00000,0x0000005b63c00000)]
  0x0000024855f80b10 JavaThread "Notification Thread" daemon [_thread_blocked, id=15076, stack(0x0000005b63c00000,0x0000005b63d00000)]
  0x00000248566206c0 JavaThread "Equinox resolver thread - Equinox Container: 56877c3f-601a-4635-b611-da0ad0d8205c" daemon [_thread_blocked, id=3612, stack(0x0000005b64100000,0x0000005b64200000)]
  0x0000024856619e00 JavaThread "Equinox resolver thread - Equinox Container: 56877c3f-601a-4635-b611-da0ad0d8205c" daemon [_thread_blocked, id=15500, stack(0x0000005b64200000,0x0000005b64300000)]
  0x000002485661a2e0 JavaThread "Equinox resolver thread - Equinox Container: 56877c3f-601a-4635-b611-da0ad0d8205c" daemon [_thread_blocked, id=16652, stack(0x0000005b64300000,0x0000005b64400000)]
  0x000002485653c7c0 JavaThread "Equinox resolver thread - Equinox Container: 56877c3f-601a-4635-b611-da0ad0d8205c" daemon [_thread_blocked, id=1668, stack(0x0000005b64400000,0x0000005b64500000)]
  0x000002485655b6f0 JavaThread "Active Thread: Equinox Container: 56877c3f-601a-4635-b611-da0ad0d8205c" [_thread_blocked, id=13648, stack(0x0000005b64500000,0x0000005b64600000)]
  0x000002485658d9c0 JavaThread "Framework Event Dispatcher: Equinox Container: 56877c3f-601a-4635-b611-da0ad0d8205c" daemon [_thread_blocked, id=17108, stack(0x0000005b64600000,0x0000005b64700000)]
  0x0000024856182500 JavaThread "Start Level: Equinox Container: 56877c3f-601a-4635-b611-da0ad0d8205c" daemon [_thread_in_Java, id=12780, stack(0x0000005b64700000,0x0000005b64800000)]
  0x0000024856184870 JavaThread "Refresh Thread: Equinox Container: 56877c3f-601a-4635-b611-da0ad0d8205c" daemon [_thread_blocked, id=15408, stack(0x0000005b64800000,0x0000005b64900000)]

Other Threads:
  0x000002483ccfeb30 VMThread "VM Thread" [stack: 0x0000005b63100000,0x0000005b63200000] [id=13664]
  0x0000024855f80ff0 WatcherThread [stack: 0x0000005b63d00000,0x0000005b63e00000] [id=15260]
  0x000002483cc63890 GCTaskThread "GC Thread#0" [stack: 0x0000005b63000000,0x0000005b63100000] [id=12852]
  0x00000248564651a0 GCTaskThread "GC Thread#1" [stack: 0x0000005b63e00000,0x0000005b63f00000] [id=13984]
  0x0000024856465460 GCTaskThread "GC Thread#2" [stack: 0x0000005b63f00000,0x0000005b64000000] [id=8700]
  0x0000024856465720 GCTaskThread "GC Thread#3" [stack: 0x0000005b64000000,0x0000005b64100000] [id=2652]

Threads with active compile tasks:
C2 CompilerThread0     9477 2024       4       org.apache.felix.resolver.ResolverImpl::mergeUses (495 bytes)

VM state: not at safepoint (normal execution)

VM Mutex/Monitor currently owned by a thread: None

Heap address: 0x00000000c0000000, size: 1024 MB, Compressed Oops mode: 32-bit

CDS archive(s) not mapped
Compressed class space mapped at: 0x0000000100000000-0x0000000140000000, reserved size: 1073741824
Narrow klass base: 0x0000000000000000, Narrow klass shift: 3, Narrow klass range: 0x140000000

GC Precious Log:
 CPUs: 4 total, 4 available
 Memory: 6094M
 Large Page Support: Disabled
 NUMA Support: Disabled
 Compressed Oops: Enabled (32-bit)
 Alignments: Space 512K, Generation 512K, Heap 2M
 Heap Min Capacity: 100M
 Heap Initial Capacity: 100M
 Heap Max Capacity: 1G
 Pre-touch: Disabled
 Parallel Workers: 4

Heap:
 PSYoungGen      total 29696K, used 17152K [0x00000000eab00000, 0x00000000ecc00000, 0x0000000100000000)
  eden space 25600K, 51% used [0x00000000eab00000,0x00000000eb7c7688,0x00000000ec400000)
  from space 4096K, 99% used [0x00000000ec400000,0x00000000ec7f8c78,0x00000000ec800000)
  to   space 4096K, 0% used [0x00000000ec800000,0x00000000ec800000,0x00000000ecc00000)
 ParOldGen       total 68608K, used 7508K [0x00000000c0000000, 0x00000000c4300000, 0x00000000eab00000)
  object space 68608K, 10% used [0x00000000c0000000,0x00000000c07553e0,0x00000000c4300000)
 Metaspace       used 16009K, committed 16192K, reserved 1114112K
  class space    used 1605K, committed 1664K, reserved 1048576K

Card table byte_map: [0x000002483c5e0000,0x000002483c7f0000] _byte_map_base: 0x000002483bfe0000

Marking Bits: (ParMarkBitMap*) 0x00007ffb1593d820
 Begin Bits: [0x000002484e8e0000, 0x000002484f8e0000)
 End Bits:   [0x000002484f8e0000, 0x00000248508e0000)

Polling page: 0x000002483abc0000

Metaspace:

Usage:
  Non-class:     14.07 MB used.
      Class:      1.57 MB used.
       Both:     15.63 MB used.

Virtual space:
  Non-class space:       64.00 MB reserved,      14.19 MB ( 22%) committed,  1 nodes.
      Class space:        1.00 GB reserved,       1.62 MB ( <1%) committed,  1 nodes.
             Both:        1.06 GB reserved,      15.81 MB (  1%) committed. 

Chunk freelists:
   Non-Class:  1.75 MB
       Class:  14.31 MB
        Both:  16.07 MB

MaxMetaspaceSize: unlimited
CompressedClassSpaceSize: 1.00 GB
Initial GC threshold: 21.00 MB
Current GC threshold: 21.00 MB
CDS: off
MetaspaceReclaimPolicy: balanced
 - commit_granule_bytes: 65536.
 - commit_granule_words: 8192.
 - virtual_space_node_default_size: 8388608.
 - enlarge_chunks_in_place: 1.
 - new_chunks_are_fully_committed: 0.
 - uncommit_free_chunks: 1.
 - use_allocation_guard: 0.
 - handle_deallocations: 1.


Internal statistics:

num_allocs_failed_limit: 0.
num_arena_births: 100.
num_arena_deaths: 0.
num_vsnodes_births: 2.
num_vsnodes_deaths: 0.
num_space_committed: 253.
num_space_uncommitted: 0.
num_chunks_returned_to_freelist: 0.
num_chunks_taken_from_freelist: 339.
num_chunk_merges: 0.
num_chunk_splits: 220.
num_chunks_enlarged: 167.
num_inconsistent_stats: 0.

CodeHeap 'non-profiled nmethods': size=120000Kb used=872Kb max_used=872Kb free=119127Kb
 bounds [0x00000248473b0000, 0x0000024847620000, 0x000002484e8e0000]
CodeHeap 'profiled nmethods': size=120000Kb used=4574Kb max_used=4574Kb free=115425Kb
 bounds [0x000002483f8e0000, 0x000002483fd60000, 0x0000024846e10000]
CodeHeap 'non-nmethods': size=5760Kb used=1167Kb max_used=1172Kb free=4592Kb
 bounds [0x0000024846e10000, 0x0000024847080000, 0x00000248473b0000]
 total_blobs=2757 nmethods=2297 adapters=374
 compilation: enabled
              stopped_count=0, restarted_count=0
 full_count=0

Compilation events (20 events):
Event: 9.175 Thread 0x0000024855cf4520 2173       2       java.util.LinkedHashMap$LinkedKeySet::iterator (12 bytes)
Event: 9.175 Thread 0x0000024855cf4520 nmethod 2173 0x000002483fd31410 code [0x000002483fd315a0, 0x000002483fd31758]
Event: 9.180 Thread 0x0000024855cf4520 2174   !   2       org.eclipse.osgi.internal.framework.EquinoxContainer::getServiceRegistry (17 bytes)
Event: 9.180 Thread 0x0000024855cf4520 nmethod 2174 0x000002483fd31890 code [0x000002483fd31a20, 0x000002483fd31bf8]
Event: 9.181 Thread 0x0000024855cf4520 2175       1       org.eclipse.osgi.container.ModuleRevision::getRevisionInfo (5 bytes)
Event: 9.181 Thread 0x0000024855cf4520 nmethod 2175 0x0000024847480c10 code [0x0000024847480da0, 0x0000024847480e78]
Event: 9.198 Thread 0x0000024855cf4520 2176       2       java.lang.StringLatin1::indexOf (121 bytes)
Event: 9.199 Thread 0x0000024855cf4520 nmethod 2176 0x000002483fd31d10 code [0x000002483fd31ec0, 0x000002483fd321f8]
Event: 9.215 Thread 0x0000024855cf4520 2178       2       java.lang.reflect.Modifier::isFinal (13 bytes)
Event: 9.215 Thread 0x0000024855cf4520 nmethod 2178 0x000002483fd32410 code [0x000002483fd325a0, 0x000002483fd32698]
Event: 9.220 Thread 0x0000024855cf4520 2183       2       java.lang.invoke.MethodType::basicType (8 bytes)
Event: 9.220 Thread 0x0000024855cf4520 nmethod 2183 0x000002483fd32710 code [0x000002483fd328a0, 0x000002483fd329b8]
Event: 9.266 Thread 0x0000024855cf4520 2184       2       java.lang.invoke.MethodHandles$Lookup::hasFullPrivilegeAccess (18 bytes)
Event: 9.266 Thread 0x0000024855cf4520 nmethod 2184 0x000002483fd32a90 code [0x000002483fd32c20, 0x000002483fd32d38]
Event: 9.269 Thread 0x0000024855cf4520 2185       2       org.eclipse.osgi.storage.bundlefile.ZipBundleFile::getZipEntry (87 bytes)
Event: 9.271 Thread 0x0000024855cf4520 nmethod 2185 0x000002483fd32e10 code [0x000002483fd33060, 0x000002483fd335e8]
Event: 9.271 Thread 0x0000024855cf4520 2186       2       java.net.URL::toExternalForm (9 bytes)
Event: 9.271 Thread 0x0000024855cf4520 nmethod 2186 0x000002483fd33a90 code [0x000002483fd33c20, 0x000002483fd33d48]
Event: 9.278 Thread 0x0000024855cf4520 2187       1       org.eclipse.osgi.container.ModuleWiring::getRevision (5 bytes)
Event: 9.278 Thread 0x0000024855cf4520 nmethod 2187 0x0000024847482010 code [0x00000248474821a0, 0x0000024847482278]

GC Heap History (6 events):
Event: 4.250 GC heap before
{Heap before GC invocations=1 (full 0):
 PSYoungGen      total 29696K, used 25600K [0x00000000eab00000, 0x00000000ecc00000, 0x0000000100000000)
  eden space 25600K, 100% used [0x00000000eab00000,0x00000000ec400000,0x00000000ec400000)
  from space 4096K, 0% used [0x00000000ec800000,0x00000000ec800000,0x00000000ecc00000)
  to   space 4096K, 0% used [0x00000000ec400000,0x00000000ec400000,0x00000000ec800000)
 ParOldGen       total 68608K, used 0K [0x00000000c0000000, 0x00000000c4300000, 0x00000000eab00000)
  object space 68608K, 0% used [0x00000000c0000000,0x00000000c0000000,0x00000000c4300000)
 Metaspace       used 10983K, committed 11200K, reserved 1114112K
  class space    used 1093K, committed 1216K, reserved 1048576K
}
Event: 4.264 GC heap after
{Heap after GC invocations=1 (full 0):
 PSYoungGen      total 29696K, used 3172K [0x00000000eab00000, 0x00000000ecc00000, 0x0000000100000000)
  eden space 25600K, 0% used [0x00000000eab00000,0x00000000eab00000,0x00000000ec400000)
  from space 4096K, 77% used [0x00000000ec400000,0x00000000ec719278,0x00000000ec800000)
  to   space 4096K, 0% used [0x00000000ec800000,0x00000000ec800000,0x00000000ecc00000)
 ParOldGen       total 68608K, used 8K [0x00000000c0000000, 0x00000000c4300000, 0x00000000eab00000)
  object space 68608K, 0% used [0x00000000c0000000,0x00000000c0002000,0x00000000c4300000)
 Metaspace       used 10983K, committed 11200K, reserved 1114112K
  class space    used 1093K, committed 1216K, reserved 1048576K
}
Event: 7.219 GC heap before
{Heap before GC invocations=2 (full 0):
 PSYoungGen      total 29696K, used 28772K [0x00000000eab00000, 0x00000000ecc00000, 0x0000000100000000)
  eden space 25600K, 100% used [0x00000000eab00000,0x00000000ec400000,0x00000000ec400000)
  from space 4096K, 77% used [0x00000000ec400000,0x00000000ec719278,0x00000000ec800000)
  to   space 4096K, 0% used [0x00000000ec800000,0x00000000ec800000,0x00000000ecc00000)
 ParOldGen       total 68608K, used 8K [0x00000000c0000000, 0x00000000c4300000, 0x00000000eab00000)
  object space 68608K, 0% used [0x00000000c0000000,0x00000000c0002000,0x00000000c4300000)
 Metaspace       used 14043K, committed 14208K, reserved 1114112K
  class space    used 1399K, committed 1472K, reserved 1048576K
}
Event: 7.227 GC heap after
{Heap after GC invocations=2 (full 0):
 PSYoungGen      total 29696K, used 4066K [0x00000000eab00000, 0x00000000ecc00000, 0x0000000100000000)
  eden space 25600K, 0% used [0x00000000eab00000,0x00000000eab00000,0x00000000ec400000)
  from space 4096K, 99% used [0x00000000ec800000,0x00000000ecbf8980,0x00000000ecc00000)
  to   space 4096K, 0% used [0x00000000ec400000,0x00000000ec400000,0x00000000ec800000)
 ParOldGen       total 68608K, used 746K [0x00000000c0000000, 0x00000000c4300000, 0x00000000eab00000)
  object space 68608K, 1% used [0x00000000c0000000,0x00000000c00bab60,0x00000000c4300000)
 Metaspace       used 14043K, committed 14208K, reserved 1114112K
  class space    used 1399K, committed 1472K, reserved 1048576K
}
Event: 8.436 GC heap before
{Heap before GC invocations=3 (full 0):
 PSYoungGen      total 29696K, used 29666K [0x00000000eab00000, 0x00000000ecc00000, 0x0000000100000000)
  eden space 25600K, 100% used [0x00000000eab00000,0x00000000ec400000,0x00000000ec400000)
  from space 4096K, 99% used [0x00000000ec800000,0x00000000ecbf8980,0x00000000ecc00000)
  to   space 4096K, 0% used [0x00000000ec400000,0x00000000ec400000,0x00000000ec800000)
 ParOldGen       total 68608K, used 746K [0x00000000c0000000, 0x00000000c4300000, 0x00000000eab00000)
  object space 68608K, 1% used [0x00000000c0000000,0x00000000c00bab60,0x00000000c4300000)
 Metaspace       used 14523K, committed 14720K, reserved 1114112K
  class space    used 1433K, committed 1536K, reserved 1048576K
}
Event: 8.450 GC heap after
{Heap after GC invocations=3 (full 0):
 PSYoungGen      total 29696K, used 4067K [0x00000000eab00000, 0x00000000ecc00000, 0x0000000100000000)
  eden space 25600K, 0% used [0x00000000eab00000,0x00000000eab00000,0x00000000ec400000)
  from space 4096K, 99% used [0x00000000ec400000,0x00000000ec7f8c78,0x00000000ec800000)
  to   space 4096K, 0% used [0x00000000ec800000,0x00000000ec800000,0x00000000ecc00000)
 ParOldGen       total 68608K, used 7508K [0x00000000c0000000, 0x00000000c4300000, 0x00000000eab00000)
  object space 68608K, 10% used [0x00000000c0000000,0x00000000c07553e0,0x00000000c4300000)
 Metaspace       used 14523K, committed 14720K, reserved 1114112K
  class space    used 1433K, committed 1536K, reserved 1048576K
}

Dll operation events (9 events):
Event: 0.014 Loaded shared library c:\Users\ASUS\.vscode\extensions\redhat.java-1.32.0-win32-x64\jre\17.0.11-win32-x86_64\bin\java.dll
Event: 0.812 Loaded shared library c:\Users\ASUS\.vscode\extensions\redhat.java-1.32.0-win32-x64\jre\17.0.11-win32-x86_64\bin\zip.dll
Event: 0.817 Loaded shared library C:\Users\ASUS\.vscode\extensions\redhat.java-1.32.0-win32-x64\jre\17.0.11-win32-x86_64\bin\instrument.dll
Event: 0.899 Loaded shared library C:\Users\ASUS\.vscode\extensions\redhat.java-1.32.0-win32-x64\jre\17.0.11-win32-x86_64\bin\net.dll
Event: 0.906 Loaded shared library C:\Users\ASUS\.vscode\extensions\redhat.java-1.32.0-win32-x64\jre\17.0.11-win32-x86_64\bin\nio.dll
Event: 0.977 Loaded shared library C:\Users\ASUS\.vscode\extensions\redhat.java-1.32.0-win32-x64\jre\17.0.11-win32-x86_64\bin\zip.dll
Event: 1.353 Loaded shared library C:\Users\ASUS\.vscode\extensions\redhat.java-1.32.0-win32-x64\jre\17.0.11-win32-x86_64\bin\jimage.dll
Event: 1.682 Loaded shared library c:\Users\ASUS\.vscode\extensions\redhat.java-1.32.0-win32-x64\jre\17.0.11-win32-x86_64\bin\verify.dll
Event: 8.039 Loaded shared library C:\Users\ASUS\AppData\Roaming\Code\User\globalStorage\redhat.java\1.32.0\config_win\org.eclipse.equinox.launcher\org.eclipse.equinox.launcher.win32.win32.x86_64_1.2.1100.v20240613-2013\eclipse_11903.dll

Deoptimization events (20 events):
Event: 9.196 Thread 0x0000024856182500 Uncommon trap: trap_request=0xffffff6e fr.pc=0x000002484740d48c relative=0x000000000000036c
Event: 9.196 Thread 0x0000024856182500 Uncommon trap: reason=loop_limit_check action=maybe_recompile pc=0x000002484740d48c method=java.lang.StringLatin1.indexOf([BI[BII)I @ 37 c2
Event: 9.196 Thread 0x0000024856182500 DEOPT PACKING pc=0x000002484740d48c sp=0x0000005b647fd150
Event: 9.197 Thread 0x0000024856182500 DEOPT UNPACKING pc=0x0000024846e666a3 sp=0x0000005b647fd0b0 mode 2
Event: 9.220 Thread 0x0000024856182500 Uncommon trap: trap_request=0xffffffde fr.pc=0x000002484745b2f0 relative=0x0000000000000070
Event: 9.220 Thread 0x0000024856182500 Uncommon trap: reason=class_check action=maybe_recompile pc=0x000002484745b2f0 method=java.util.Collections$3.hasMoreElements()Z @ 4 c2
Event: 9.220 Thread 0x0000024856182500 DEOPT PACKING pc=0x000002484745b2f0 sp=0x0000005b647fdd70
Event: 9.220 Thread 0x0000024856182500 DEOPT UNPACKING pc=0x0000024846e666a3 sp=0x0000005b647fdd00 mode 2
Event: 9.220 Thread 0x0000024856182500 Uncommon trap: trap_request=0xffffffde fr.pc=0x000002484745b2f0 relative=0x0000000000000070
Event: 9.220 Thread 0x0000024856182500 Uncommon trap: reason=class_check action=maybe_recompile pc=0x000002484745b2f0 method=java.util.Collections$3.hasMoreElements()Z @ 4 c2
Event: 9.221 Thread 0x0000024856182500 DEOPT PACKING pc=0x000002484745b2f0 sp=0x0000005b647fdd70
Event: 9.221 Thread 0x0000024856182500 DEOPT UNPACKING pc=0x0000024846e666a3 sp=0x0000005b647fdd00 mode 2
Event: 9.221 Thread 0x0000024856182500 Uncommon trap: trap_request=0xffffffde fr.pc=0x000002484745b2f0 relative=0x0000000000000070
Event: 9.221 Thread 0x0000024856182500 Uncommon trap: reason=class_check action=maybe_recompile pc=0x000002484745b2f0 method=java.util.Collections$3.hasMoreElements()Z @ 4 c2
Event: 9.221 Thread 0x0000024856182500 DEOPT PACKING pc=0x000002484745b2f0 sp=0x0000005b647fdd70
Event: 9.221 Thread 0x0000024856182500 DEOPT UNPACKING pc=0x0000024846e666a3 sp=0x0000005b647fdd00 mode 2
Event: 9.221 Thread 0x0000024856182500 Uncommon trap: trap_request=0xffffffde fr.pc=0x000002484745b2f0 relative=0x0000000000000070
Event: 9.221 Thread 0x0000024856182500 Uncommon trap: reason=class_check action=maybe_recompile pc=0x000002484745b2f0 method=java.util.Collections$3.hasMoreElements()Z @ 4 c2
Event: 9.221 Thread 0x0000024856182500 DEOPT PACKING pc=0x000002484745b2f0 sp=0x0000005b647fdd70
Event: 9.221 Thread 0x0000024856182500 DEOPT UNPACKING pc=0x0000024846e666a3 sp=0x0000005b647fdd00 mode 2

Classes unloaded (0 events):
No events

Classes redefined (0 events):
No events

Internal exceptions (20 events):
Event: 2.680 Thread 0x000002483cc4fa20 Implicit null exception at 0x00000248473d5f72 to 0x00000248473d6490
Event: 2.685 Thread 0x000002483cc4fa20 Exception <a 'java/io/FileNotFoundException'{0x00000000eb8bdc68}> (0x00000000eb8bdc68) 
thrown [s\src\hotspot\share\prims\jni.cpp, line 516]
Event: 3.708 Thread 0x000002483cc4fa20 Exception <a 'java/lang/ClassNotFoundException'{0x00000000ec0dbe88}: sun/net/www/protocol/c/Handler> (0x00000000ec0dbe88) 
thrown [s\src\hotspot\share\classfile\systemDictionary.cpp, line 256]
Event: 3.709 Thread 0x000002483cc4fa20 Exception <a 'java/lang/ClassNotFoundException'{0x00000000ec0dd1e8}: sun/net/www/protocol/d/Handler> (0x00000000ec0dd1e8) 
thrown [s\src\hotspot\share\classfile\systemDictionary.cpp, line 256]
Event: 3.710 Thread 0x000002483cc4fa20 Exception <a 'java/lang/ClassNotFoundException'{0x00000000ec0de388}: sun/net/www/protocol/c/Handler> (0x00000000ec0de388) 
thrown [s\src\hotspot\share\classfile\systemDictionary.cpp, line 256]
Event: 3.774 Thread 0x000002483cc4fa20 Exception <a 'java/io/FileNotFoundException'{0x00000000ec106dc8}> (0x00000000ec106dc8) 
thrown [s\src\hotspot\share\prims\jni.cpp, line 516]
Event: 4.074 Thread 0x000002483cc4fa20 Implicit null exception at 0x00000248473eec5b to 0x00000248473ef624
Event: 4.074 Thread 0x000002483cc4fa20 Implicit null exception at 0x000002484740386c to 0x0000024847403a48
Event: 4.075 Thread 0x000002483cc4fa20 Implicit null exception at 0x00000248473f2571 to 0x00000248473f274c
Event: 4.082 Thread 0x000002483cc4fa20 Implicit null exception at 0x00000248473f0c8f to 0x00000248473f0d05
Event: 4.237 Thread 0x000002483cc4fa20 Exception <a 'java/lang/NoSuchMethodError'{0x00000000ec3e0240}: 'int java.lang.invoke.DirectMethodHandle$Holder.invokeStaticInit(java.lang.Object, java.lang.Object, java.lang.Object, java.lang.Object)'> (0x00000000ec3e0240) 
thrown [s\src\hotspot\share\interpreter\linkResolver.cpp, line 759]
Event: 4.244 Thread 0x000002483cc4fa20 Exception <a 'java/lang/NoSuchMethodError'{0x00000000ec3ea8b0}: 'java.lang.Object java.lang.invoke.DirectMethodHandle$Holder.invokeInterface(java.lang.Object, java.lang.Object)'> (0x00000000ec3ea8b0) 
thrown [s\src\hotspot\share\interpreter\linkResolver.cpp, line 759]
Event: 4.245 Thread 0x000002483cc4fa20 Exception <a 'java/lang/IncompatibleClassChangeError'{0x00000000ec3ee0a8}: Found class java.lang.Object, but interface was expected> (0x00000000ec3ee0a8) 
thrown [s\src\hotspot\share\interpreter\linkResolver.cpp, line 826]
Event: 4.247 Thread 0x000002483cc4fa20 Exception <a 'java/lang/NoSuchMethodError'{0x00000000ec3f2598}: 'void java.lang.invoke.DirectMethodHandle$Holder.invokeStatic(java.lang.Object, java.lang.Object)'> (0x00000000ec3f2598) 
thrown [s\src\hotspot\share\interpreter\linkResolver.cpp, line 759]
Event: 4.248 Thread 0x000002483cc4fa20 Exception <a 'java/lang/NoSuchMethodError'{0x00000000ec3f5d98}: 'void java.lang.invoke.DirectMethodHandle$Holder.invokeStaticInit(java.lang.Object, java.lang.Object)'> (0x00000000ec3f5d98) 
thrown [s\src\hotspot\share\interpreter\linkResolver.cpp, line 759]
Event: 4.250 Thread 0x000002483cc4fa20 Exception <a 'java/lang/NoSuchMethodError'{0x00000000ec3fd118}: 'int java.lang.invoke.DirectMethodHandle$Holder.invokeStaticInit(java.lang.Object, java.lang.Object)'> (0x00000000ec3fd118) 
thrown [s\src\hotspot\share\interpreter\linkResolver.cpp, line 759]
Event: 5.562 Thread 0x000002483cc4fa20 Exception <a 'java/lang/NoSuchMethodError'{0x00000000eb699828}: 'int java.lang.invoke.DirectMethodHandle$Holder.invokeSpecial(java.lang.Object, java.lang.Object, java.lang.Object)'> (0x00000000eb699828) 
thrown [s\src\hotspot\share\interpreter\linkResolver.cpp, line 759]
Event: 6.057 Thread 0x000002483cc4fa20 Exception <a 'java/lang/NoSuchMethodError'{0x00000000ebbe2d60}: 'java.lang.Object java.lang.invoke.DirectMethodHandle$Holder.newInvokeSpecial(java.lang.Object, int, java.lang.Object)'> (0x00000000ebbe2d60) 
thrown [s\src\hotspot\share\interpreter\linkResolver.cpp, line 759]
Event: 8.030 Thread 0x000002483cc4fa20 Exception <a 'java/lang/UnsatisfiedLinkError'{0x00000000ebbdfb80}: 'void org.eclipse.equinox.launcher.JNIBridge._update_splash()'> (0x00000000ebbdfb80) 
thrown [s\src\hotspot\share\prims\nativeLookup.cpp, line 543]
Event: 8.082 Thread 0x0000024856184870 Exception <a 'java/lang/NoSuchMethodError'{0x00000000ebc72910}: 'java.lang.Object java.lang.invoke.Invokers$Holder.invokeExact_MT(java.lang.Object, java.lang.Object, java.lang.Object, java.lang.Object, java.lang.Object, java.lang.Object)'> (0x00000000ebc72910) 
thrown [s\src\hotspot\share\interpreter\linkResolver.cpp, line 759]

VM Operations (20 events):
Event: 5.483 Executing VM operation: HandshakeAllThreads
Event: 5.483 Executing VM operation: HandshakeAllThreads done
Event: 5.947 Executing VM operation: HandshakeAllThreads
Event: 5.999 Executing VM operation: HandshakeAllThreads done
Event: 5.999 Executing VM operation: HandshakeAllThreads
Event: 5.999 Executing VM operation: HandshakeAllThreads done
Event: 7.011 Executing VM operation: Cleanup
Event: 7.024 Executing VM operation: Cleanup done
Event: 7.219 Executing VM operation: ParallelGCFailedAllocation
Event: 7.227 Executing VM operation: ParallelGCFailedAllocation done
Event: 8.075 Executing VM operation: HandshakeAllThreads
Event: 8.075 Executing VM operation: HandshakeAllThreads done
Event: 8.232 Executing VM operation: HandshakeAllThreads
Event: 8.232 Executing VM operation: HandshakeAllThreads done
Event: 8.232 Executing VM operation: Cleanup
Event: 8.233 Executing VM operation: Cleanup done
Event: 8.415 Executing VM operation: ParallelGCFailedAllocation
Event: 8.454 Executing VM operation: ParallelGCFailedAllocation done
Event: 8.729 Executing VM operation: HandshakeAllThreads
Event: 8.729 Executing VM operation: HandshakeAllThreads done

Events (20 events):
Event: 9.265 loading class java/util/stream/Streams$AbstractStreamBuilderImpl done
Event: 9.265 loading class java/util/stream/Streams$StreamBuilderImpl done
Event: 9.265 loading class java/util/stream/Streams
Event: 9.265 loading class java/util/stream/Streams done
Event: 9.265 loading class java/util/IdentityHashMap$Values
Event: 9.265 loading class java/util/IdentityHashMap$Values done
Event: 9.266 loading class jdk/internal/logger/LoggerFinderLoader
Event: 9.266 loading class jdk/internal/logger/LoggerFinderLoader done
Event: 9.267 loading class jdk/internal/logger/BootstrapLogger$BootstrapExecutors
Event: 9.267 loading class jdk/internal/logger/BootstrapLogger$BootstrapExecutors done
Event: 9.267 loading class jdk/internal/logger/LoggerFinderLoader$TemporaryLoggerFinder
Event: 9.267 loading class jdk/internal/logger/LoggerFinderLoader$TemporaryLoggerFinder done
Event: 9.268 loading class java/util/logging/LogManager$4
Event: 9.268 loading class java/util/logging/LogManager$4 done
Event: 9.268 loading class sun/util/logging/internal/LoggingProviderImpl$JULWrapper
Event: 9.268 loading class sun/util/logging/internal/LoggingProviderImpl$JULWrapper done
Event: 9.268 loading class java/util/logging/Logger$SystemLoggerHelper
Event: 9.269 loading class java/util/logging/Logger$SystemLoggerHelper done
Event: 9.269 loading class java/util/logging/Logger$SystemLoggerHelper$1
Event: 9.269 loading class java/util/logging/Logger$SystemLoggerHelper$1 done


Dynamic libraries:
0x00007ff78c140000 - 0x00007ff78c14e000 	c:\Users\ASUS\.vscode\extensions\redhat.java-1.32.0-win32-x64\jre\17.0.11-win32-x86_64\bin\java.exe
0x00007ffb81050000 - 0x00007ffb81266000 	C:\WINDOWS\SYSTEM32\ntdll.dll
0x00007ffb7f170000 - 0x00007ffb7f234000 	C:\WINDOWS\System32\KERNEL32.DLL
0x00007ffb7e9f0000 - 0x00007ffb7ed96000 	C:\WINDOWS\System32\KERNELBASE.dll
0x00007ffb7e5a0000 - 0x00007ffb7e6b1000 	C:\WINDOWS\System32\ucrtbase.dll
0x00007ffb6cb00000 - 0x00007ffb6cb17000 	c:\Users\ASUS\.vscode\extensions\redhat.java-1.32.0-win32-x64\jre\17.0.11-win32-x86_64\bin\jli.dll
0x00007ffb7fa10000 - 0x00007ffb7fbbd000 	C:\WINDOWS\System32\USER32.dll
0x00007ffb7e6c0000 - 0x00007ffb7e6e6000 	C:\WINDOWS\System32\win32u.dll
0x00007ffb7fc60000 - 0x00007ffb7fc89000 	C:\WINDOWS\System32\GDI32.dll
0x00007ffb7e8d0000 - 0x00007ffb7e9e8000 	C:\WINDOWS\System32\gdi32full.dll
0x00007ffb7e500000 - 0x00007ffb7e59a000 	C:\WINDOWS\System32\msvcp_win.dll
0x00007ffb6bab0000 - 0x00007ffb6bacb000 	c:\Users\ASUS\.vscode\extensions\redhat.java-1.32.0-win32-x64\jre\17.0.11-win32-x86_64\bin\VCRUNTIME140.dll
0x00007ffb6d5a0000 - 0x00007ffb6d833000 	C:\WINDOWS\WinSxS\amd64_microsoft.windows.common-controls_6595b64144ccf1df_6.0.22621.3235_none_270f74e173860f98\COMCTL32.dll
0x00007ffb7f960000 - 0x00007ffb7fa07000 	C:\WINDOWS\System32\msvcrt.dll
0x00007ffb7f2b0000 - 0x00007ffb7f2e1000 	C:\WINDOWS\System32\IMM32.DLL
0x00007ffb79250000 - 0x00007ffb7925c000 	c:\Users\ASUS\.vscode\extensions\redhat.java-1.32.0-win32-x64\jre\17.0.11-win32-x86_64\bin\vcruntime140_1.dll
0x00007ffb4e3b0000 - 0x00007ffb4e43d000 	c:\Users\ASUS\.vscode\extensions\redhat.java-1.32.0-win32-x64\jre\17.0.11-win32-x86_64\bin\msvcp140.dll
0x00007ffb14da0000 - 0x00007ffb15a02000 	c:\Users\ASUS\.vscode\extensions\redhat.java-1.32.0-win32-x64\jre\17.0.11-win32-x86_64\bin\server\jvm.dll
0x00007ffb80100000 - 0x00007ffb801b2000 	C:\WINDOWS\System32\ADVAPI32.dll
0x00007ffb7f4a0000 - 0x00007ffb7f548000 	C:\WINDOWS\System32\sechost.dll
0x00007ffb7e6f0000 - 0x00007ffb7e718000 	C:\WINDOWS\System32\bcrypt.dll
0x00007ffb7eda0000 - 0x00007ffb7eeb5000 	C:\WINDOWS\System32\RPCRT4.dll
0x00007ffb7e260000 - 0x00007ffb7e2ad000 	C:\WINDOWS\SYSTEM32\POWRPROF.dll
0x00007ffb7b220000 - 0x00007ffb7b229000 	C:\WINDOWS\SYSTEM32\WSOCK32.dll
0x00007ffb7fbc0000 - 0x00007ffb7fc31000 	C:\WINDOWS\System32\WS2_32.dll
0x00007ffb76a30000 - 0x00007ffb76a64000 	C:\WINDOWS\SYSTEM32\WINMM.dll
0x00007ffb767b0000 - 0x00007ffb767ba000 	C:\WINDOWS\SYSTEM32\VERSION.dll
0x00007ffb7e240000 - 0x00007ffb7e253000 	C:\WINDOWS\SYSTEM32\UMPDC.dll
0x00007ffb7d390000 - 0x00007ffb7d3a8000 	C:\WINDOWS\SYSTEM32\kernel.appcore.dll
0x00007ffb6ba90000 - 0x00007ffb6ba9a000 	c:\Users\ASUS\.vscode\extensions\redhat.java-1.32.0-win32-x64\jre\17.0.11-win32-x86_64\bin\jimage.dll
0x00007ffb7bb90000 - 0x00007ffb7bdc3000 	C:\WINDOWS\SYSTEM32\DBGHELP.DLL
0x00007ffb7fd10000 - 0x00007ffb80098000 	C:\WINDOWS\System32\combase.dll
0x00007ffb801c0000 - 0x00007ffb80297000 	C:\WINDOWS\System32\OLEAUT32.dll
0x00007ffb675d0000 - 0x00007ffb67602000 	C:\WINDOWS\SYSTEM32\dbgcore.DLL
0x00007ffb7e7e0000 - 0x00007ffb7e85a000 	C:\WINDOWS\System32\bcryptPrimitives.dll
0x00007ffb6b970000 - 0x00007ffb6b97e000 	c:\Users\ASUS\.vscode\extensions\redhat.java-1.32.0-win32-x64\jre\17.0.11-win32-x86_64\bin\instrument.dll
0x00007ffb65b80000 - 0x00007ffb65ba5000 	c:\Users\ASUS\.vscode\extensions\redhat.java-1.32.0-win32-x64\jre\17.0.11-win32-x86_64\bin\java.dll
0x00007ffb6b6a0000 - 0x00007ffb6b6b8000 	c:\Users\ASUS\.vscode\extensions\redhat.java-1.32.0-win32-x64\jre\17.0.11-win32-x86_64\bin\zip.dll
0x00007ffb802a0000 - 0x00007ffb80afd000 	C:\WINDOWS\System32\SHELL32.dll
0x00007ffb7c2a0000 - 0x00007ffb7cb98000 	C:\WINDOWS\SYSTEM32\windows.storage.dll
0x00007ffb7c160000 - 0x00007ffb7c29e000 	C:\WINDOWS\SYSTEM32\wintypes.dll
0x00007ffb7f3a0000 - 0x00007ffb7f493000 	C:\WINDOWS\System32\SHCORE.dll
0x00007ffb7f8a0000 - 0x00007ffb7f8fe000 	C:\WINDOWS\System32\shlwapi.dll
0x00007ffb7e2c0000 - 0x00007ffb7e2e6000 	C:\WINDOWS\SYSTEM32\profapi.dll
0x00007ffb67ba0000 - 0x00007ffb67bb9000 	C:\Users\ASUS\.vscode\extensions\redhat.java-1.32.0-win32-x64\jre\17.0.11-win32-x86_64\bin\net.dll
0x00007ffb77610000 - 0x00007ffb77747000 	C:\WINDOWS\SYSTEM32\WINHTTP.dll
0x00007ffb7d800000 - 0x00007ffb7d869000 	C:\WINDOWS\system32\mswsock.dll
0x00007ffb627e0000 - 0x00007ffb627f6000 	C:\Users\ASUS\.vscode\extensions\redhat.java-1.32.0-win32-x64\jre\17.0.11-win32-x86_64\bin\nio.dll
0x00007ffb6b850000 - 0x00007ffb6b860000 	c:\Users\ASUS\.vscode\extensions\redhat.java-1.32.0-win32-x64\jre\17.0.11-win32-x86_64\bin\verify.dll
0x00007ffb61bd0000 - 0x00007ffb61c14000 	C:\Users\ASUS\AppData\Roaming\Code\User\globalStorage\redhat.java\1.32.0\config_win\org.eclipse.equinox.launcher\org.eclipse.equinox.launcher.win32.win32.x86_64_1.2.1100.v20240613-2013\eclipse_11903.dll
0x00007ffb7efd0000 - 0x00007ffb7f16f000 	C:\WINDOWS\System32\ole32.dll

dbghelp: loaded successfully - version: 4.0.5 - missing functions: none
symbol engine: initialized successfully - sym options: 0x614 - pdb path: .;c:\Users\ASUS\.vscode\extensions\redhat.java-1.32.0-win32-x64\jre\17.0.11-win32-x86_64\bin;C:\WINDOWS\SYSTEM32;C:\WINDOWS\WinSxS\amd64_microsoft.windows.common-controls_6595b64144ccf1df_6.0.22621.3235_none_270f74e173860f98;c:\Users\ASUS\.vscode\extensions\redhat.java-1.32.0-win32-x64\jre\17.0.11-win32-x86_64\bin\server;C:\Users\ASUS\AppData\Roaming\Code\User\globalStorage\redhat.java\1.32.0\config_win\org.eclipse.equinox.launcher\org.eclipse.equinox.launcher.win32.win32.x86_64_1.2.1100.v20240613-2013

VM Arguments:
jvm_args: --add-modules=ALL-SYSTEM --add-opens=java.base/java.util=ALL-UNNAMED --add-opens=java.base/java.lang=ALL-UNNAMED --add-opens=java.base/sun.nio.fs=ALL-UNNAMED -Declipse.application=org.eclipse.jdt.ls.core.id1 -Dosgi.bundles.defaultStartLevel=4 -Declipse.product=org.eclipse.jdt.ls.core.product -Djava.import.generatesMetadataFilesAtProjectRoot=false -DDetectVMInstallationsJob.disabled=true -Dfile.encoding=utf8 -XX:+UseParallelGC -XX:GCTimeRatio=4 -XX:AdaptiveSizePolicyWeight=90 -Dsun.zip.disableMemoryMapping=true -Xmx1G -Xms100m -Xlog:disable -javaagent:c:\Users\ASUS\.vscode\extensions\redhat.java-1.32.0-win32-x64\lombok\lombok-1.18.33.jar -XX:+HeapDumpOnOutOfMemoryError -XX:HeapDumpPath=c:\Users\ASUS\AppData\Roaming\Code\User\workspaceStorage\bf77860d62b055ff75aa3395546a36eb\redhat.java -Daether.dependencyCollector.impl=bf 
java_command: c:\Users\ASUS\.vscode\extensions\redhat.java-1.32.0-win32-x64\server\plugins\org.eclipse.equinox.launcher_1.6.900.v20240613-2009.jar -configuration c:\Users\ASUS\AppData\Roaming\Code\User\globalStorage\redhat.java\1.32.0\config_win -data c:\Users\ASUS\AppData\Roaming\Code\User\workspaceStorage\bf77860d62b055ff75aa3395546a36eb\redhat.java\jdt_ws --pipe=\\.\pipe\lsp-d4ca0a02a36c2e2a2bb06944603fd089-sock
java_class_path (initial): c:\Users\ASUS\.vscode\extensions\redhat.java-1.32.0-win32-x64\server\plugins\org.eclipse.equinox.launcher_1.6.900.v20240613-2009.jar
Launcher Type: SUN_STANDARD

[Global flags]
    uintx AdaptiveSizePolicyWeight                 = 90                                        {product} {command line}
     intx CICompilerCount                          = 3                                         {product} {ergonomic}
    uintx GCTimeRatio                              = 4                                         {product} {command line}
     bool HeapDumpOnOutOfMemoryError               = true                                   {manageable} {command line}
    ccstr HeapDumpPath                             = c:\Users\ASUS\AppData\Roaming\Code\User\workspaceStorage\bf77860d62b055ff75aa3395546a36eb\redhat.java         {manageable} {command line}
   size_t InitialHeapSize                          = 104857600                                 {product} {command line}
   size_t MaxHeapSize                              = 1073741824                                {product} {command line}
   size_t MaxNewSize                               = 357564416                                 {product} {ergonomic}
   size_t MinHeapDeltaBytes                        = 524288                                    {product} {ergonomic}
   size_t MinHeapSize                              = 104857600                                 {product} {command line}
   size_t NewSize                                  = 34603008                                  {product} {ergonomic}
    uintx NonNMethodCodeHeapSize                   = 5832780                                {pd product} {ergonomic}
    uintx NonProfiledCodeHeapSize                  = 122912730                              {pd product} {ergonomic}
   size_t OldSize                                  = 70254592                                  {product} {ergonomic}
    uintx ProfiledCodeHeapSize                     = 122912730                              {pd product} {ergonomic}
    uintx ReservedCodeCacheSize                    = 251658240                              {pd product} {ergonomic}
     bool SegmentedCodeCache                       = true                                      {product} {ergonomic}
   size_t SoftMaxHeapSize                          = 1073741824                             {manageable} {ergonomic}
     bool UseCompressedClassPointers               = true                           {product lp64_product} {ergonomic}
     bool UseCompressedOops                        = true                           {product lp64_product} {ergonomic}
     bool UseLargePagesIndividualAllocation        = false                                  {pd product} {ergonomic}
     bool UseParallelGC                            = true                                      {product} {command line}

Logging:
Log output configuration:
 #0: stdout all=off uptime,level,tags
 #1: stderr all=off uptime,level,tags

Environment Variables:
JAVA_HOME= C:\Program Files\Java\jdk-19
PATH=C:\Program Files\Common Files\Oracle\Java\javapath;C:\Program Files (x86)\Common Files\Oracle\Java\javapath;C:\WINDOWS\system32;C:\WINDOWS;C:\WINDOWS\System32\Wbem;C:\WINDOWS\System32\WindowsPowerShell\v1.0\;C:\WINDOWS\System32\OpenSSH\;C:\Program Files (x86)\Bitvise SSH Client;C:\iverilog\bin\;C:\Program Files\Java\jdk-19\bin;C:\Program Files\Git\cmd;C:\Users\ASUS\AppData\Local\Programs\Python\Python311;D:\avr8-gnu-toolchain-win32_x86_64\bin;D:\avr;C:\Program Files\nodejs\;C:\Program Files\Docker\Docker\resources\bin;D:\mongosh-2.2.6-win32-x64\bin;C:\Users\ASUS\scoop\shims;C:\Users\ASUS\AppData\Local\Microsoft\WindowsApps;C:\Users\ASUS\AppData\Local\GitHubDesktop\bin;C:\Users\ASUS\AppData\Local\Programs\Python\Python311;C:\Users\ASUS\AppData\Local\Programs\Python\Python311\Scripts;C:\Users\ASUS\AppData\Local\Programs\Microsoft VS Code\bin;C:\Users\ASUS\AppData\Roaming\npm;D:\IntelliJ IDEA 2024.1.3\bin;
USERNAME=ASUS
OS=Windows_NT
PROCESSOR_IDENTIFIER=AMD64 Family 23 Model 24 Stepping 1, AuthenticAMD
TMP=C:\Users\ASUS\AppData\Local\Temp
TEMP=C:\Users\ASUS\AppData\Local\Temp



Periodic native trim disabled


---------------  S Y S T E M  ---------------

OS:
 Windows 11 , 64 bit Build 22621 (10.0.22621.3235)
OS uptime: 0 days 10:38 hours
Hyper-V role detected

CPU: total 4 (initial active 4) (4 cores per cpu, 2 threads per core) family 23 model 24 stepping 1 microcode 0x0, cx8, cmov, fxsr, ht, mmx, 3dnowpref, sse, sse2, sse3, ssse3, sse4a, sse4.1, sse4.2, popcnt, lzcnt, tsc, tscinvbit, avx, avx2, aes, clmul, bmi1, bmi2, adx, sha, fma, vzeroupper, clflush, clflushopt, hv
Processor Information for all 4 processors :
  Max Mhz: 2600, Current Mhz: 2600, Mhz Limit: 2600

Memory: 4k page, system-wide physical 6094M (352M free)
TotalPageFile size 14286M (AvailPageFile size 5M)
current process WorkingSet (physical memory assigned to process): 122M, peak: 122M
current process commit charge ("private bytes"): 219M, peak: 219M

vm_info: OpenJDK 64-Bit Server VM (17.0.11+9) for windows-amd64 JRE (17.0.11+9), built on Apr 17 2024 06:07:48 by "admin" with MS VC++ 16.10 / 16.11 (VS2019)

END.
